#
# A fatal error has been detected by the Java Runtime Environment:
#
#  EXCEPTION_ACCESS_VIOLATION (0xc0000005) at pc=0x000000006a34bb04, pid=30216, tid=13348
#
# JRE version: OpenJDK Runtime Environment Temurin-11.0.14+9 (11.0.14+9) (build 11.0.14+9)
# Java VM: OpenJDK 64-Bit Server VM Temurin-11.0.14+9 (11.0.14+9, mixed mode, tiered, compressed oops, g1 gc, windows-amd64)
# Problematic frame:
# C  [gdx-freetype64.dll+0xbb04]
#
# No core dump will be written. Minidumps are not enabled by default on client versions of Windows
#
# If you would like to submit a bug report, please visit:
#   https://github.com/adoptium/adoptium-support/issues
# The crash happened outside the Java Virtual Machine in native code.
# See problematic frame for where to report the bug.
#

---------------  S U M M A R Y ------------

Command Line: -Dfile.encoding=x-windows-950 -Duser.country=TW -Duser.language=zh -Duser.variant com.ideograph.game.desktop.DesktopLauncher

Host: 11th Gen Intel(R) Core(TM) i7-1165G7 @ 2.80GHz, 8 cores, 15G,  Windows 10 , 64 bit Build 19041 (10.0.19041.1741)
Time: Sat Jul  2 00:01:26 2022 台北標準時間 elapsed time: 49.163451 seconds (0d 0h 0m 49s)

---------------  T H R E A D  ---------------

Current thread (0x0000018ff2a05000):  JavaThread "LWJGL Application" [_thread_in_native, id=13348, stack(0x0000004712600000,0x0000004712700000)]

Stack: [0x0000004712600000,0x0000004712700000],  sp=0x00000047126ff3d0,  free space=1020k
Native frames: (J=compiled Java code, j=interpreted, Vv=VM code, C=native code)
C  [gdx-freetype64.dll+0xbb04]

Java frames: (J=compiled Java code, j=interpreted, Vv=VM code)
J 1432  com.badlogic.gdx.graphics.g2d.freetype.FreeType$Face.doneFace(J)V (0 bytes) @ 0x0000018fde067311 [0x0000018fde0672c0+0x0000000000000051]
J 1356 c1 com.badlogic.gdx.graphics.g2d.freetype.FreeType$Face.dispose()V (56 bytes) @ 0x0000018fd6d5b09c [0x0000018fd6d5b020+0x000000000000007c]
j  com.badlogic.gdx.graphics.g2d.freetype.FreeTypeFontGenerator.dispose()V+4
j  com.ideograph.game.TextRenderer.dispose()V+4
j  com.ideograph.game.Game.dispose()V+60
j  com.badlogic.gdx.backends.lwjgl.LwjglApplication.mainLoop()V+924
j  com.badlogic.gdx.backends.lwjgl.LwjglApplication$1.run()V+27
v  ~StubRoutines::call_stub

siginfo: EXCEPTION_ACCESS_VIOLATION (0xc0000005), reading address 0x0000000000000060


Register to memory mapping:

RIP=0x000000006a34bb04 gdx-freetype64.dll
RAX=0x0 is NULL
RBX=0x0000018f9339b550 points into unknown readable memory: 0x0000000000000001 | 01 00 00 00 00 00 00 00
RCX=0x0000018f9339b550 points into unknown readable memory: 0x0000000000000001 | 01 00 00 00 00 00 00 00
RDX=0x00000047126ff470 is pointing into the stack for thread: 0x0000018ff2a05000
RSP=0x00000047126ff3d0 is pointing into the stack for thread: 0x0000018ff2a05000
RBP=0x00000047126ff480 is pointing into the stack for thread: 0x0000018ff2a05000
RSI=0x0000018ffcd513d0 points into unknown readable memory: 0x000000006a3d5ac0 | c0 5a 3d 6a 00 00 00 00
RDI=0x0000018ffc983958 is pointing into metadata
R8 =0x0000018f9339b550 points into unknown readable memory: 0x0000000000000001 | 01 00 00 00 00 00 00 00
R9 =0x00000000000000cb is an unknown value
R10=0x000000006a3414d0 gdx-freetype64.dll
R11=0x0000018fd6d5b040 is at entry_point+32 in (nmethod*)0x0000018fd6d5ae10
R12=0x0 is NULL
R13=0x00000047126ff518 is pointing into the stack for thread: 0x0000018ff2a05000
R14=0x00000047126ff470 is pointing into the stack for thread: 0x0000018ff2a05000
R15=0x0000018ff2a05000 is a thread


Registers:
RAX=0x0000000000000000, RBX=0x0000018f9339b550, RCX=0x0000018f9339b550, RDX=0x00000047126ff470
RSP=0x00000047126ff3d0, RBP=0x00000047126ff480, RSI=0x0000018ffcd513d0, RDI=0x0000018ffc983958
R8 =0x0000018f9339b550, R9 =0x00000000000000cb, R10=0x000000006a3414d0, R11=0x0000018fd6d5b040
R12=0x0000000000000000, R13=0x00000047126ff518, R14=0x00000047126ff470, R15=0x0000018ff2a05000
RIP=0x000000006a34bb04, EFLAGS=0x0000000000010202

Top of Stack: (sp=0x00000047126ff3d0)
0x00000047126ff3d0:   0000018ff1d91570 0000018ff2a05000
0x00000047126ff3e0:   0000018ff18eae80 00007ffc7258ebb5
0x00000047126ff3f0:   0000018ff1d97048 0000018ffc8b7730
0x00000047126ff400:   0000018f9339b550 0000018ffc983958
0x00000047126ff410:   00000047126ff470 0000018fde0673ad
0x00000047126ff420:   0000018ff2361cf0 0000000000000000
0x00000047126ff430:   0000018ff18eae80 0000018f000000b6
0x00000047126ff440:   0000000000000001 00007ffc7256448a
0x00000047126ff450:   000000000000000a 0000018ff221e300
0x00000047126ff460:   000000000000000d 0000000000000000
0x00000047126ff470:   0000000712df6508 0000000000000000
0x00000047126ff480:   00000047126ff568 0000018fd6d5b09c
0x00000047126ff490:   00000047126ff5c8 00007ffc72575369
0x00000047126ff4a0:   0000018ffc9adf50 00007ffc725752ff
0x00000047126ff4b0:   00000047126ff500 00000000000003d8
0x00000047126ff4c0:   0000018ff2a05000 0000018ffc7c1058 

Instructions: (pc=0x000000006a34bb04)
0x000000006a34ba04:   5b 5e 5f 5d 48 ff e0 0f 1f 44 00 00 48 8d 8b a8
0x000000006a34ba14:   00 00 00 48 8d 15 72 df ff ff 49 89 f9 49 89 f0
0x000000006a34ba24:   e8 67 ea ff ff e9 59 ff ff ff 66 90 48 85 c9 74
0x000000006a34ba34:   46 48 8b 81 d0 00 00 00 48 85 d2 c7 40 18 00 00
0x000000006a34ba44:   00 00 74 38 4c 8b 0a 4c 8b 52 08 4c 89 08 4c 89
0x000000006a34ba54:   50 08 8b 4a 08 0b 4a 04 74 40 83 48 18 01 4d 85
0x000000006a34ba64:   c0 74 4a 49 8b 10 48 89 50 10 41 8b 50 04 41 0b
0x000000006a34ba74:   10 74 04 83 48 18 02 f3 c3 0f 1f 00 c7 00 00 00
0x000000006a34ba84:   01 00 c7 40 04 00 00 00 00 48 89 c2 c7 40 08 00
0x000000006a34ba94:   00 00 00 c7 40 0c 00 00 01 00 81 3a 00 00 01 00
0x000000006a34baa4:   75 b8 81 7a 0c 00 00 01 00 75 af eb b1 c7 40 10
0x000000006a34bab4:   00 00 00 00 c7 40 14 00 00 00 00 c3 b8 23 00 00
0x000000006a34bac4:   00 48 85 c9 74 0d 48 8b 81 d0 00 00 00 83 40 60
0x000000006a34bad4:   01 31 c0 f3 c3 0f 1f 80 00 00 00 00 41 56 57 56
0x000000006a34bae4:   53 48 83 ec 28 48 85 c9 48 89 cb 74 2f 48 8b b1
0x000000006a34baf4:   90 00 00 00 48 85 f6 74 23 48 8b 81 d0 00 00 00
0x000000006a34bb04:   8b 78 60 8d 57 ff 89 50 60 31 c0 85 d2 7e 1d 48
0x000000006a34bb14:   83 c4 28 5b 5e 5f 41 5e c3 0f 1f 00 b8 23 00 00
0x000000006a34bb24:   00 48 83 c4 28 5b 5e 5f 41 5e c3 90 4c 8b 76 20
0x000000006a34bb34:   4d 85 f6 75 10 eb e5 0f 1f 44 00 00 4d 8b 76 08
0x000000006a34bb44:   4d 85 f6 74 d7 49 3b 5e 10 75 f1 48 8b 7e 10 48
0x000000006a34bb54:   8d 4e 20 4c 89 f2 e8 01 e9 ff ff 4c 89 f2 48 89
0x000000006a34bb64:   f9 ff 57 10 49 89 f0 48 89 da 48 89 f9 e8 ca fd
0x000000006a34bb74:   ff ff 31 c0 48 83 c4 28 5b 5e 5f 41 5e c3 0f 1f
0x000000006a34bb84:   40 00 66 2e 0f 1f 84 00 00 00 00 00 55 57 56 53
0x000000006a34bb94:   48 83 ec 28 b8 24 00 00 00 48 85 c9 48 89 cb 74
0x000000006a34bba4:   70 48 8b 31 b8 23 00 00 00 48 85 f6 74 63 48 8b
0x000000006a34bbb4:   be 90 00 00 00 b8 22 00 00 00 48 85 ff 74 52 4c
0x000000006a34bbc4:   8b 8e a8 00 00 00 4d 85 c9 75 0b eb 4f 4d 8b 49
0x000000006a34bbd4:   08 4d 85 c9 74 46 49 3b 59 10 75 f1 48 8b 6f 10
0x000000006a34bbe4:   48 8d 8e a8 00 00 00 4c 89 ca e8 6d e8 ff ff 48
0x000000006a34bbf4:   89 e9 4c 89 ca ff 55 10 48 3b 9e 80 00 00 00 74 


Stack slot to memory mapping:
stack at sp + 0 slots: 0x0000018ff1d91570 is pointing into metadata
stack at sp + 1 slots: 0x0000018ff2a05000 is a thread
stack at sp + 2 slots: 0x0000018ff18eae80 points into unknown readable memory: 0x0000018ff2361cf0 | f0 1c 36 f2 8f 01 00 00
stack at sp + 3 slots: 0x00007ffc7258ebb5 jvm.dll
stack at sp + 4 slots: {method} {0x0000018ff1d97050} 'dispose' '()V' in 'com/ideograph/game/TextRenderer'
stack at sp + 5 slots: {method} {0x0000018ffc8b7738} 'dispose' '()V' in 'com/badlogic/gdx/graphics/g2d/freetype/FreeType$Face'
stack at sp + 6 slots: 0x0000018f9339b550 points into unknown readable memory: 0x0000000000000001 | 01 00 00 00 00 00 00 00
stack at sp + 7 slots: 0x0000018ffc983958 is pointing into metadata


---------------  P R O C E S S  ---------------

Threads class SMR info:
_java_thread_list=0x0000018ff4aff890, length=12, elements={
0x0000018ff18ed000, 0x0000018ff18ee800, 0x0000018ff2212000, 0x0000018ff2213000,
0x0000018ff191a000, 0x0000018ff191d800, 0x0000018ff221d000, 0x0000018ff222b000,
0x0000018ff23a5000, 0x0000018ff2a05000, 0x0000018fcddbf000, 0x0000018ff4b38800
}

Java Threads: ( => current thread )
  0x0000018ff18ed000 JavaThread "Reference Handler" daemon [_thread_blocked, id=10624, stack(0x0000004711a00000,0x0000004711b00000)]
  0x0000018ff18ee800 JavaThread "Finalizer" daemon [_thread_blocked, id=6060, stack(0x0000004711b00000,0x0000004711c00000)]
  0x0000018ff2212000 JavaThread "Signal Dispatcher" daemon [_thread_blocked, id=7184, stack(0x0000004711c00000,0x0000004711d00000)]
  0x0000018ff2213000 JavaThread "Attach Listener" daemon [_thread_blocked, id=15504, stack(0x0000004711d00000,0x0000004711e00000)]
  0x0000018ff191a000 JavaThread "Service Thread" daemon [_thread_blocked, id=27536, stack(0x0000004711e00000,0x0000004711f00000)]
  0x0000018ff191d800 JavaThread "C2 CompilerThread0" daemon [_thread_blocked, id=1408, stack(0x0000004711f00000,0x0000004712000000)]
  0x0000018ff221d000 JavaThread "C1 CompilerThread0" daemon [_thread_blocked, id=31168, stack(0x0000004712000000,0x0000004712100000)]
  0x0000018ff222b000 JavaThread "Sweeper thread" daemon [_thread_blocked, id=30172, stack(0x0000004712100000,0x0000004712200000)]
  0x0000018ff23a5000 JavaThread "Common-Cleaner" daemon [_thread_blocked, id=27832, stack(0x0000004712300000,0x0000004712400000)]
=>0x0000018ff2a05000 JavaThread "LWJGL Application" [_thread_in_native, id=13348, stack(0x0000004712600000,0x0000004712700000)]
  0x0000018fcddbf000 JavaThread "DestroyJavaVM" [_thread_blocked, id=5480, stack(0x0000004711300000,0x0000004711400000)]
  0x0000018ff4b38800 JavaThread "LWJGL Timer" daemon [_thread_blocked, id=23780, stack(0x0000004712a00000,0x0000004712b00000)]

Other Threads:
  0x0000018ff1916800 VMThread "VM Thread" [stack: 0x0000004711900000,0x0000004711a00000] [id=12108]
  0x0000018ff239f800 WatcherThread [stack: 0x0000004712200000,0x0000004712300000] [id=31132]
  0x0000018fcddd7000 GCTaskThread "GC Thread#0" [stack: 0x0000004711400000,0x0000004711500000] [id=12504]
  0x0000018ff290e000 GCTaskThread "GC Thread#1" [stack: 0x0000004712b00000,0x0000004712c00000] [id=25124]
  0x0000018ff290d000 GCTaskThread "GC Thread#2" [stack: 0x0000004712c00000,0x0000004712d00000] [id=25064]
  0x0000018ff290e800 GCTaskThread "GC Thread#3" [stack: 0x0000004712d00000,0x0000004712e00000] [id=11560]
  0x0000018ff2909000 GCTaskThread "GC Thread#4" [stack: 0x0000004712e00000,0x0000004712f00000] [id=21892]
  0x0000018ff2908000 GCTaskThread "GC Thread#5" [stack: 0x0000004712f00000,0x0000004713000000] [id=31240]
  0x0000018fcde34000 ConcurrentGCThread "G1 Main Marker" [stack: 0x0000004711500000,0x0000004711600000] [id=31184]
  0x0000018fcde3a800 ConcurrentGCThread "G1 Conc#0" [stack: 0x0000004711600000,0x0000004711700000] [id=24792]
  0x0000018ff17dc800 ConcurrentGCThread "G1 Refine#0" [stack: 0x0000004711700000,0x0000004711800000] [id=5736]
  0x0000018ff17de800 ConcurrentGCThread "G1 Young RemSet Sampling" [stack: 0x0000004711800000,0x0000004711900000] [id=29772]

Threads with active compile tasks:

VM state:not at safepoint (normal execution)

VM Mutex/Monitor currently owned by a thread: None

Heap address: 0x0000000704a00000, size: 4022 MB, Compressed Oops mode: Zero based, Oop shift amount: 3
Narrow klass base: 0x0000000800000000, Narrow klass shift: 0
Compressed class space size: 1073741824 Address: 0x0000000800000000

Heap:
 garbage-first heap   total 258048K, used 120665K [0x0000000704a00000, 0x0000000800000000)
  region size 1024K, 119 young (121856K), 3 survivors (3072K)
 Metaspace       used 10875K, capacity 10997K, committed 11136K, reserved 1058816K
  class space    used 815K, capacity 858K, committed 896K, reserved 1048576K
Heap Regions: E=young(eden), S=young(survivor), O=old, HS=humongous(starts), HC=humongous(continues), CS=collection set, F=free, A=archive, TAMS=top-at-mark-start (previous, next)
|   0|0x0000000704a00000, 0x0000000704a00000, 0x0000000704b00000|  0%| F|  |TAMS 0x0000000704a00000, 0x0000000704a00000| Untracked 
|   1|0x0000000704b00000, 0x0000000704b00000, 0x0000000704c00000|  0%| F|  |TAMS 0x0000000704b00000, 0x0000000704b00000| Untracked 
|   2|0x0000000704c00000, 0x0000000704c00000, 0x0000000704d00000|  0%| F|  |TAMS 0x0000000704c00000, 0x0000000704c00000| Untracked 
|   3|0x0000000704d00000, 0x0000000704d00000, 0x0000000704e00000|  0%| F|  |TAMS 0x0000000704d00000, 0x0000000704d00000| Untracked 
|   4|0x0000000704e00000, 0x0000000704e00000, 0x0000000704f00000|  0%| F|  |TAMS 0x0000000704e00000, 0x0000000704e00000| Untracked 
|   5|0x0000000704f00000, 0x0000000704f00000, 0x0000000705000000|  0%| F|  |TAMS 0x0000000704f00000, 0x0000000704f00000| Untracked 
|   6|0x0000000705000000, 0x0000000705000000, 0x0000000705100000|  0%| F|  |TAMS 0x0000000705000000, 0x0000000705000000| Untracked 
|   7|0x0000000705100000, 0x0000000705100000, 0x0000000705200000|  0%| F|  |TAMS 0x0000000705100000, 0x0000000705100000| Untracked 
|   8|0x0000000705200000, 0x0000000705200000, 0x0000000705300000|  0%| F|  |TAMS 0x0000000705200000, 0x0000000705200000| Untracked 
|   9|0x0000000705300000, 0x0000000705300000, 0x0000000705400000|  0%| F|  |TAMS 0x0000000705300000, 0x0000000705300000| Untracked 
|  10|0x0000000705400000, 0x0000000705400000, 0x0000000705500000|  0%| F|  |TAMS 0x0000000705400000, 0x0000000705400000| Untracked 
|  11|0x0000000705500000, 0x0000000705500000, 0x0000000705600000|  0%| F|  |TAMS 0x0000000705500000, 0x0000000705500000| Untracked 
|  12|0x0000000705600000, 0x0000000705600000, 0x0000000705700000|  0%| F|  |TAMS 0x0000000705600000, 0x0000000705600000| Untracked 
|  13|0x0000000705700000, 0x0000000705700000, 0x0000000705800000|  0%| F|  |TAMS 0x0000000705700000, 0x0000000705700000| Untracked 
|  14|0x0000000705800000, 0x0000000705800000, 0x0000000705900000|  0%| F|  |TAMS 0x0000000705800000, 0x0000000705800000| Untracked 
|  15|0x0000000705900000, 0x0000000705900000, 0x0000000705a00000|  0%| F|  |TAMS 0x0000000705900000, 0x0000000705900000| Untracked 
|  16|0x0000000705a00000, 0x0000000705a00000, 0x0000000705b00000|  0%| F|  |TAMS 0x0000000705a00000, 0x0000000705a00000| Untracked 
|  17|0x0000000705b00000, 0x0000000705b00000, 0x0000000705c00000|  0%| F|  |TAMS 0x0000000705b00000, 0x0000000705b00000| Untracked 
|  18|0x0000000705c00000, 0x0000000705c00000, 0x0000000705d00000|  0%| F|  |TAMS 0x0000000705c00000, 0x0000000705c00000| Untracked 
|  19|0x0000000705d00000, 0x0000000705d00000, 0x0000000705e00000|  0%| F|  |TAMS 0x0000000705d00000, 0x0000000705d00000| Untracked 
|  20|0x0000000705e00000, 0x0000000705e00000, 0x0000000705f00000|  0%| F|  |TAMS 0x0000000705e00000, 0x0000000705e00000| Untracked 
|  21|0x0000000705f00000, 0x0000000705f00000, 0x0000000706000000|  0%| F|  |TAMS 0x0000000705f00000, 0x0000000705f00000| Untracked 
|  22|0x0000000706000000, 0x0000000706000000, 0x0000000706100000|  0%| F|  |TAMS 0x0000000706000000, 0x0000000706000000| Untracked 
|  23|0x0000000706100000, 0x0000000706100000, 0x0000000706200000|  0%| F|  |TAMS 0x0000000706100000, 0x0000000706100000| Untracked 
|  24|0x0000000706200000, 0x0000000706200000, 0x0000000706300000|  0%| F|  |TAMS 0x0000000706200000, 0x0000000706200000| Untracked 
|  25|0x0000000706300000, 0x0000000706300000, 0x0000000706400000|  0%| F|  |TAMS 0x0000000706300000, 0x0000000706300000| Untracked 
|  26|0x0000000706400000, 0x0000000706400000, 0x0000000706500000|  0%| F|  |TAMS 0x0000000706400000, 0x0000000706400000| Untracked 
|  27|0x0000000706500000, 0x0000000706500000, 0x0000000706600000|  0%| F|  |TAMS 0x0000000706500000, 0x0000000706500000| Untracked 
|  28|0x0000000706600000, 0x0000000706600000, 0x0000000706700000|  0%| F|  |TAMS 0x0000000706600000, 0x0000000706600000| Untracked 
|  29|0x0000000706700000, 0x0000000706700000, 0x0000000706800000|  0%| F|  |TAMS 0x0000000706700000, 0x0000000706700000| Untracked 
|  30|0x0000000706800000, 0x0000000706800000, 0x0000000706900000|  0%| F|  |TAMS 0x0000000706800000, 0x0000000706800000| Untracked 
|  31|0x0000000706900000, 0x0000000706900000, 0x0000000706a00000|  0%| F|  |TAMS 0x0000000706900000, 0x0000000706900000| Untracked 
|  32|0x0000000706a00000, 0x0000000706a00000, 0x0000000706b00000|  0%| F|  |TAMS 0x0000000706a00000, 0x0000000706a00000| Untracked 
|  33|0x0000000706b00000, 0x0000000706b00000, 0x0000000706c00000|  0%| F|  |TAMS 0x0000000706b00000, 0x0000000706b00000| Untracked 
|  34|0x0000000706c00000, 0x0000000706c00000, 0x0000000706d00000|  0%| F|  |TAMS 0x0000000706c00000, 0x0000000706c00000| Untracked 
|  35|0x0000000706d00000, 0x0000000706d00000, 0x0000000706e00000|  0%| F|  |TAMS 0x0000000706d00000, 0x0000000706d00000| Untracked 
|  36|0x0000000706e00000, 0x0000000706e00000, 0x0000000706f00000|  0%| F|  |TAMS 0x0000000706e00000, 0x0000000706e00000| Untracked 
|  37|0x0000000706f00000, 0x0000000706f00000, 0x0000000707000000|  0%| F|  |TAMS 0x0000000706f00000, 0x0000000706f00000| Untracked 
|  38|0x0000000707000000, 0x0000000707000000, 0x0000000707100000|  0%| F|  |TAMS 0x0000000707000000, 0x0000000707000000| Untracked 
|  39|0x0000000707100000, 0x0000000707100000, 0x0000000707200000|  0%| F|  |TAMS 0x0000000707100000, 0x0000000707100000| Untracked 
|  40|0x0000000707200000, 0x0000000707200000, 0x0000000707300000|  0%| F|  |TAMS 0x0000000707200000, 0x0000000707200000| Untracked 
|  41|0x0000000707300000, 0x0000000707300000, 0x0000000707400000|  0%| F|  |TAMS 0x0000000707300000, 0x0000000707300000| Untracked 
|  42|0x0000000707400000, 0x0000000707400000, 0x0000000707500000|  0%| F|  |TAMS 0x0000000707400000, 0x0000000707400000| Untracked 
|  43|0x0000000707500000, 0x0000000707500000, 0x0000000707600000|  0%| F|  |TAMS 0x0000000707500000, 0x0000000707500000| Untracked 
|  44|0x0000000707600000, 0x0000000707600000, 0x0000000707700000|  0%| F|  |TAMS 0x0000000707600000, 0x0000000707600000| Untracked 
|  45|0x0000000707700000, 0x0000000707700000, 0x0000000707800000|  0%| F|  |TAMS 0x0000000707700000, 0x0000000707700000| Untracked 
|  46|0x0000000707800000, 0x0000000707800000, 0x0000000707900000|  0%| F|  |TAMS 0x0000000707800000, 0x0000000707800000| Untracked 
|  47|0x0000000707900000, 0x0000000707900000, 0x0000000707a00000|  0%| F|  |TAMS 0x0000000707900000, 0x0000000707900000| Untracked 
|  48|0x0000000707a00000, 0x0000000707a00000, 0x0000000707b00000|  0%| F|  |TAMS 0x0000000707a00000, 0x0000000707a00000| Untracked 
|  49|0x0000000707b00000, 0x0000000707b00000, 0x0000000707c00000|  0%| F|  |TAMS 0x0000000707b00000, 0x0000000707b00000| Untracked 
|  50|0x0000000707c00000, 0x0000000707c00000, 0x0000000707d00000|  0%| F|  |TAMS 0x0000000707c00000, 0x0000000707c00000| Untracked 
|  51|0x0000000707d00000, 0x0000000707d00000, 0x0000000707e00000|  0%| F|  |TAMS 0x0000000707d00000, 0x0000000707d00000| Untracked 
|  52|0x0000000707e00000, 0x0000000707e00000, 0x0000000707f00000|  0%| F|  |TAMS 0x0000000707e00000, 0x0000000707e00000| Untracked 
|  53|0x0000000707f00000, 0x0000000707f00000, 0x0000000708000000|  0%| F|  |TAMS 0x0000000707f00000, 0x0000000707f00000| Untracked 
|  54|0x0000000708000000, 0x0000000708000000, 0x0000000708100000|  0%| F|  |TAMS 0x0000000708000000, 0x0000000708000000| Untracked 
|  55|0x0000000708100000, 0x0000000708100000, 0x0000000708200000|  0%| F|  |TAMS 0x0000000708100000, 0x0000000708100000| Untracked 
|  56|0x0000000708200000, 0x0000000708200000, 0x0000000708300000|  0%| F|  |TAMS 0x0000000708200000, 0x0000000708200000| Untracked 
|  57|0x0000000708300000, 0x0000000708300000, 0x0000000708400000|  0%| F|  |TAMS 0x0000000708300000, 0x0000000708300000| Untracked 
|  58|0x0000000708400000, 0x0000000708400000, 0x0000000708500000|  0%| F|  |TAMS 0x0000000708400000, 0x0000000708400000| Untracked 
|  59|0x0000000708500000, 0x0000000708500000, 0x0000000708600000|  0%| F|  |TAMS 0x0000000708500000, 0x0000000708500000| Untracked 
|  60|0x0000000708600000, 0x0000000708600000, 0x0000000708700000|  0%| F|  |TAMS 0x0000000708600000, 0x0000000708600000| Untracked 
|  61|0x0000000708700000, 0x0000000708700000, 0x0000000708800000|  0%| F|  |TAMS 0x0000000708700000, 0x0000000708700000| Untracked 
|  62|0x0000000708800000, 0x0000000708800000, 0x0000000708900000|  0%| F|  |TAMS 0x0000000708800000, 0x0000000708800000| Untracked 
|  63|0x0000000708900000, 0x0000000708900000, 0x0000000708a00000|  0%| F|  |TAMS 0x0000000708900000, 0x0000000708900000| Untracked 
|  64|0x0000000708a00000, 0x0000000708a00000, 0x0000000708b00000|  0%| F|  |TAMS 0x0000000708a00000, 0x0000000708a00000| Untracked 
|  65|0x0000000708b00000, 0x0000000708b00000, 0x0000000708c00000|  0%| F|  |TAMS 0x0000000708b00000, 0x0000000708b00000| Untracked 
|  66|0x0000000708c00000, 0x0000000708c00000, 0x0000000708d00000|  0%| F|  |TAMS 0x0000000708c00000, 0x0000000708c00000| Untracked 
|  67|0x0000000708d00000, 0x0000000708d00000, 0x0000000708e00000|  0%| F|  |TAMS 0x0000000708d00000, 0x0000000708d00000| Untracked 
|  68|0x0000000708e00000, 0x0000000708e00000, 0x0000000708f00000|  0%| F|  |TAMS 0x0000000708e00000, 0x0000000708e00000| Untracked 
|  69|0x0000000708f00000, 0x0000000708f00000, 0x0000000709000000|  0%| F|  |TAMS 0x0000000708f00000, 0x0000000708f00000| Untracked 
|  70|0x0000000709000000, 0x0000000709000000, 0x0000000709100000|  0%| F|  |TAMS 0x0000000709000000, 0x0000000709000000| Untracked 
|  71|0x0000000709100000, 0x0000000709100000, 0x0000000709200000|  0%| F|  |TAMS 0x0000000709100000, 0x0000000709100000| Untracked 
|  72|0x0000000709200000, 0x0000000709200000, 0x0000000709300000|  0%| F|  |TAMS 0x0000000709200000, 0x0000000709200000| Untracked 
|  73|0x0000000709300000, 0x0000000709300000, 0x0000000709400000|  0%| F|  |TAMS 0x0000000709300000, 0x0000000709300000| Untracked 
|  74|0x0000000709400000, 0x0000000709400000, 0x0000000709500000|  0%| F|  |TAMS 0x0000000709400000, 0x0000000709400000| Untracked 
|  75|0x0000000709500000, 0x0000000709500000, 0x0000000709600000|  0%| F|  |TAMS 0x0000000709500000, 0x0000000709500000| Untracked 
|  76|0x0000000709600000, 0x0000000709600000, 0x0000000709700000|  0%| F|  |TAMS 0x0000000709600000, 0x0000000709600000| Untracked 
|  77|0x0000000709700000, 0x0000000709700000, 0x0000000709800000|  0%| F|  |TAMS 0x0000000709700000, 0x0000000709700000| Untracked 
|  78|0x0000000709800000, 0x0000000709800000, 0x0000000709900000|  0%| F|  |TAMS 0x0000000709800000, 0x0000000709800000| Untracked 
|  79|0x0000000709900000, 0x0000000709900000, 0x0000000709a00000|  0%| F|  |TAMS 0x0000000709900000, 0x0000000709900000| Untracked 
|  80|0x0000000709a00000, 0x0000000709a00000, 0x0000000709b00000|  0%| F|  |TAMS 0x0000000709a00000, 0x0000000709a00000| Untracked 
|  81|0x0000000709b00000, 0x0000000709b00000, 0x0000000709c00000|  0%| F|  |TAMS 0x0000000709b00000, 0x0000000709b00000| Untracked 
|  82|0x0000000709c00000, 0x0000000709c00000, 0x0000000709d00000|  0%| F|  |TAMS 0x0000000709c00000, 0x0000000709c00000| Untracked 
|  83|0x0000000709d00000, 0x0000000709d00000, 0x0000000709e00000|  0%| F|  |TAMS 0x0000000709d00000, 0x0000000709d00000| Untracked 
|  84|0x0000000709e00000, 0x0000000709e00000, 0x0000000709f00000|  0%| F|  |TAMS 0x0000000709e00000, 0x0000000709e00000| Untracked 
|  85|0x0000000709f00000, 0x0000000709f00000, 0x000000070a000000|  0%| F|  |TAMS 0x0000000709f00000, 0x0000000709f00000| Untracked 
|  86|0x000000070a000000, 0x000000070a000000, 0x000000070a100000|  0%| F|  |TAMS 0x000000070a000000, 0x000000070a000000| Untracked 
|  87|0x000000070a100000, 0x000000070a100000, 0x000000070a200000|  0%| F|  |TAMS 0x000000070a100000, 0x000000070a100000| Untracked 
|  88|0x000000070a200000, 0x000000070a200000, 0x000000070a300000|  0%| F|  |TAMS 0x000000070a200000, 0x000000070a200000| Untracked 
|  89|0x000000070a300000, 0x000000070a300000, 0x000000070a400000|  0%| F|  |TAMS 0x000000070a300000, 0x000000070a300000| Untracked 
|  90|0x000000070a400000, 0x000000070a400000, 0x000000070a500000|  0%| F|  |TAMS 0x000000070a400000, 0x000000070a400000| Untracked 
|  91|0x000000070a500000, 0x000000070a500000, 0x000000070a600000|  0%| F|  |TAMS 0x000000070a500000, 0x000000070a500000| Untracked 
|  92|0x000000070a600000, 0x000000070a600000, 0x000000070a700000|  0%| F|  |TAMS 0x000000070a600000, 0x000000070a600000| Untracked 
|  93|0x000000070a700000, 0x000000070a700000, 0x000000070a800000|  0%| F|  |TAMS 0x000000070a700000, 0x000000070a700000| Untracked 
|  94|0x000000070a800000, 0x000000070a800000, 0x000000070a900000|  0%| F|  |TAMS 0x000000070a800000, 0x000000070a800000| Untracked 
|  95|0x000000070a900000, 0x000000070a900000, 0x000000070aa00000|  0%| F|  |TAMS 0x000000070a900000, 0x000000070a900000| Untracked 
|  96|0x000000070aa00000, 0x000000070aa00000, 0x000000070ab00000|  0%| F|  |TAMS 0x000000070aa00000, 0x000000070aa00000| Untracked 
|  97|0x000000070ab00000, 0x000000070ab00000, 0x000000070ac00000|  0%| F|  |TAMS 0x000000070ab00000, 0x000000070ab00000| Untracked 
|  98|0x000000070ac00000, 0x000000070ac00000, 0x000000070ad00000|  0%| F|  |TAMS 0x000000070ac00000, 0x000000070ac00000| Untracked 
|  99|0x000000070ad00000, 0x000000070ad00000, 0x000000070ae00000|  0%| F|  |TAMS 0x000000070ad00000, 0x000000070ad00000| Untracked 
| 100|0x000000070ae00000, 0x000000070ae00000, 0x000000070af00000|  0%| F|  |TAMS 0x000000070ae00000, 0x000000070ae00000| Untracked 
| 101|0x000000070af00000, 0x000000070af00000, 0x000000070b000000|  0%| F|  |TAMS 0x000000070af00000, 0x000000070af00000| Untracked 
| 102|0x000000070b000000, 0x000000070b000000, 0x000000070b100000|  0%| F|  |TAMS 0x000000070b000000, 0x000000070b000000| Untracked 
| 103|0x000000070b100000, 0x000000070b100000, 0x000000070b200000|  0%| F|  |TAMS 0x000000070b100000, 0x000000070b100000| Untracked 
| 104|0x000000070b200000, 0x000000070b200000, 0x000000070b300000|  0%| F|  |TAMS 0x000000070b200000, 0x000000070b200000| Untracked 
| 105|0x000000070b300000, 0x000000070b300000, 0x000000070b400000|  0%| F|  |TAMS 0x000000070b300000, 0x000000070b300000| Untracked 
| 106|0x000000070b400000, 0x000000070b400000, 0x000000070b500000|  0%| F|  |TAMS 0x000000070b400000, 0x000000070b400000| Untracked 
| 107|0x000000070b500000, 0x000000070b500000, 0x000000070b600000|  0%| F|  |TAMS 0x000000070b500000, 0x000000070b500000| Untracked 
| 108|0x000000070b600000, 0x000000070b600000, 0x000000070b700000|  0%| F|  |TAMS 0x000000070b600000, 0x000000070b600000| Untracked 
| 109|0x000000070b700000, 0x000000070b700000, 0x000000070b800000|  0%| F|  |TAMS 0x000000070b700000, 0x000000070b700000| Untracked 
| 110|0x000000070b800000, 0x000000070b800000, 0x000000070b900000|  0%| F|  |TAMS 0x000000070b800000, 0x000000070b800000| Untracked 
| 111|0x000000070b900000, 0x000000070b900000, 0x000000070ba00000|  0%| F|  |TAMS 0x000000070b900000, 0x000000070b900000| Untracked 
| 112|0x000000070ba00000, 0x000000070ba00000, 0x000000070bb00000|  0%| F|  |TAMS 0x000000070ba00000, 0x000000070ba00000| Untracked 
| 113|0x000000070bb00000, 0x000000070bb00000, 0x000000070bc00000|  0%| F|  |TAMS 0x000000070bb00000, 0x000000070bb00000| Untracked 
| 114|0x000000070bc00000, 0x000000070bc00000, 0x000000070bd00000|  0%| F|  |TAMS 0x000000070bc00000, 0x000000070bc00000| Untracked 
| 115|0x000000070bd00000, 0x000000070bd00000, 0x000000070be00000|  0%| F|  |TAMS 0x000000070bd00000, 0x000000070bd00000| Untracked 
| 116|0x000000070be00000, 0x000000070be00000, 0x000000070bf00000|  0%| F|  |TAMS 0x000000070be00000, 0x000000070be00000| Untracked 
| 117|0x000000070bf00000, 0x000000070bf00000, 0x000000070c000000|  0%| F|  |TAMS 0x000000070bf00000, 0x000000070bf00000| Untracked 
| 118|0x000000070c000000, 0x000000070c000000, 0x000000070c100000|  0%| F|  |TAMS 0x000000070c000000, 0x000000070c000000| Untracked 
| 119|0x000000070c100000, 0x000000070c100000, 0x000000070c200000|  0%| F|  |TAMS 0x000000070c100000, 0x000000070c100000| Untracked 
| 120|0x000000070c200000, 0x000000070c200000, 0x000000070c300000|  0%| F|  |TAMS 0x000000070c200000, 0x000000070c200000| Untracked 
| 121|0x000000070c300000, 0x000000070c300000, 0x000000070c400000|  0%| F|  |TAMS 0x000000070c300000, 0x000000070c300000| Untracked 
| 122|0x000000070c400000, 0x000000070c400000, 0x000000070c500000|  0%| F|  |TAMS 0x000000070c400000, 0x000000070c400000| Untracked 
| 123|0x000000070c500000, 0x000000070c500000, 0x000000070c600000|  0%| F|  |TAMS 0x000000070c500000, 0x000000070c500000| Untracked 
| 124|0x000000070c600000, 0x000000070c600000, 0x000000070c700000|  0%| F|  |TAMS 0x000000070c600000, 0x000000070c600000| Untracked 
| 125|0x000000070c700000, 0x000000070c700000, 0x000000070c800000|  0%| F|  |TAMS 0x000000070c700000, 0x000000070c700000| Untracked 
| 126|0x000000070c800000, 0x000000070c800000, 0x000000070c900000|  0%| F|  |TAMS 0x000000070c800000, 0x000000070c800000| Untracked 
| 127|0x000000070c900000, 0x000000070c900000, 0x000000070ca00000|  0%| F|  |TAMS 0x000000070c900000, 0x000000070c900000| Untracked 
| 128|0x000000070ca00000, 0x000000070ca00000, 0x000000070cb00000|  0%| F|  |TAMS 0x000000070ca00000, 0x000000070ca00000| Untracked 
| 129|0x000000070cb00000, 0x000000070cb00000, 0x000000070cc00000|  0%| F|  |TAMS 0x000000070cb00000, 0x000000070cb00000| Untracked 
| 130|0x000000070cc00000, 0x000000070cc00000, 0x000000070cd00000|  0%| F|  |TAMS 0x000000070cc00000, 0x000000070cc00000| Untracked 
| 131|0x000000070cd00000, 0x000000070cd00000, 0x000000070ce00000|  0%| F|  |TAMS 0x000000070cd00000, 0x000000070cd00000| Untracked 
| 132|0x000000070ce00000, 0x000000070ce00000, 0x000000070cf00000|  0%| F|  |TAMS 0x000000070ce00000, 0x000000070ce00000| Untracked 
| 133|0x000000070cf00000, 0x000000070d000000, 0x000000070d000000|100%| E|  |TAMS 0x000000070cf00000, 0x000000070cf00000| Complete 
| 134|0x000000070d000000, 0x000000070d100000, 0x000000070d100000|100%| E|CS|TAMS 0x000000070d000000, 0x000000070d000000| Complete 
| 135|0x000000070d100000, 0x000000070d200000, 0x000000070d200000|100%| E|CS|TAMS 0x000000070d100000, 0x000000070d100000| Complete 
| 136|0x000000070d200000, 0x000000070d300000, 0x000000070d300000|100%| E|CS|TAMS 0x000000070d200000, 0x000000070d200000| Complete 
| 137|0x000000070d300000, 0x000000070d400000, 0x000000070d400000|100%| E|CS|TAMS 0x000000070d300000, 0x000000070d300000| Complete 
| 138|0x000000070d400000, 0x000000070d500000, 0x000000070d500000|100%| E|CS|TAMS 0x000000070d400000, 0x000000070d400000| Complete 
| 139|0x000000070d500000, 0x000000070d600000, 0x000000070d600000|100%| E|CS|TAMS 0x000000070d500000, 0x000000070d500000| Complete 
| 140|0x000000070d600000, 0x000000070d700000, 0x000000070d700000|100%| E|CS|TAMS 0x000000070d600000, 0x000000070d600000| Complete 
| 141|0x000000070d700000, 0x000000070d800000, 0x000000070d800000|100%| E|CS|TAMS 0x000000070d700000, 0x000000070d700000| Complete 
| 142|0x000000070d800000, 0x000000070d900000, 0x000000070d900000|100%| E|CS|TAMS 0x000000070d800000, 0x000000070d800000| Complete 
| 143|0x000000070d900000, 0x000000070da00000, 0x000000070da00000|100%| E|CS|TAMS 0x000000070d900000, 0x000000070d900000| Complete 
| 144|0x000000070da00000, 0x000000070db00000, 0x000000070db00000|100%| E|CS|TAMS 0x000000070da00000, 0x000000070da00000| Complete 
| 145|0x000000070db00000, 0x000000070dc00000, 0x000000070dc00000|100%| E|CS|TAMS 0x000000070db00000, 0x000000070db00000| Complete 
| 146|0x000000070dc00000, 0x000000070dd00000, 0x000000070dd00000|100%| E|CS|TAMS 0x000000070dc00000, 0x000000070dc00000| Complete 
| 147|0x000000070dd00000, 0x000000070de00000, 0x000000070de00000|100%| E|CS|TAMS 0x000000070dd00000, 0x000000070dd00000| Complete 
| 148|0x000000070de00000, 0x000000070df00000, 0x000000070df00000|100%| E|CS|TAMS 0x000000070de00000, 0x000000070de00000| Complete 
| 149|0x000000070df00000, 0x000000070e000000, 0x000000070e000000|100%| E|CS|TAMS 0x000000070df00000, 0x000000070df00000| Complete 
| 150|0x000000070e000000, 0x000000070e100000, 0x000000070e100000|100%| E|CS|TAMS 0x000000070e000000, 0x000000070e000000| Complete 
| 151|0x000000070e100000, 0x000000070e200000, 0x000000070e200000|100%| E|CS|TAMS 0x000000070e100000, 0x000000070e100000| Complete 
| 152|0x000000070e200000, 0x000000070e300000, 0x000000070e300000|100%| E|CS|TAMS 0x000000070e200000, 0x000000070e200000| Complete 
| 153|0x000000070e300000, 0x000000070e400000, 0x000000070e400000|100%| E|CS|TAMS 0x000000070e300000, 0x000000070e300000| Complete 
| 154|0x000000070e400000, 0x000000070e500000, 0x000000070e500000|100%| E|CS|TAMS 0x000000070e400000, 0x000000070e400000| Complete 
| 155|0x000000070e500000, 0x000000070e600000, 0x000000070e600000|100%| E|CS|TAMS 0x000000070e500000, 0x000000070e500000| Complete 
| 156|0x000000070e600000, 0x000000070e700000, 0x000000070e700000|100%| E|CS|TAMS 0x000000070e600000, 0x000000070e600000| Complete 
| 157|0x000000070e700000, 0x000000070e800000, 0x000000070e800000|100%| E|CS|TAMS 0x000000070e700000, 0x000000070e700000| Complete 
| 158|0x000000070e800000, 0x000000070e900000, 0x000000070e900000|100%| E|CS|TAMS 0x000000070e800000, 0x000000070e800000| Complete 
| 159|0x000000070e900000, 0x000000070ea00000, 0x000000070ea00000|100%| E|CS|TAMS 0x000000070e900000, 0x000000070e900000| Complete 
| 160|0x000000070ea00000, 0x000000070eb00000, 0x000000070eb00000|100%| E|CS|TAMS 0x000000070ea00000, 0x000000070ea00000| Complete 
| 161|0x000000070eb00000, 0x000000070ec00000, 0x000000070ec00000|100%| E|CS|TAMS 0x000000070eb00000, 0x000000070eb00000| Complete 
| 162|0x000000070ec00000, 0x000000070ed00000, 0x000000070ed00000|100%| E|CS|TAMS 0x000000070ec00000, 0x000000070ec00000| Complete 
| 163|0x000000070ed00000, 0x000000070ee00000, 0x000000070ee00000|100%| E|CS|TAMS 0x000000070ed00000, 0x000000070ed00000| Complete 
| 164|0x000000070ee00000, 0x000000070ef00000, 0x000000070ef00000|100%| E|CS|TAMS 0x000000070ee00000, 0x000000070ee00000| Complete 
| 165|0x000000070ef00000, 0x000000070f000000, 0x000000070f000000|100%| E|CS|TAMS 0x000000070ef00000, 0x000000070ef00000| Complete 
| 166|0x000000070f000000, 0x000000070f100000, 0x000000070f100000|100%| E|CS|TAMS 0x000000070f000000, 0x000000070f000000| Complete 
| 167|0x000000070f100000, 0x000000070f200000, 0x000000070f200000|100%| E|CS|TAMS 0x000000070f100000, 0x000000070f100000| Complete 
| 168|0x000000070f200000, 0x000000070f300000, 0x000000070f300000|100%| E|CS|TAMS 0x000000070f200000, 0x000000070f200000| Complete 
| 169|0x000000070f300000, 0x000000070f400000, 0x000000070f400000|100%| E|CS|TAMS 0x000000070f300000, 0x000000070f300000| Complete 
| 170|0x000000070f400000, 0x000000070f500000, 0x000000070f500000|100%| E|CS|TAMS 0x000000070f400000, 0x000000070f400000| Complete 
| 171|0x000000070f500000, 0x000000070f600000, 0x000000070f600000|100%| E|CS|TAMS 0x000000070f500000, 0x000000070f500000| Complete 
| 172|0x000000070f600000, 0x000000070f700000, 0x000000070f700000|100%| E|CS|TAMS 0x000000070f600000, 0x000000070f600000| Complete 
| 173|0x000000070f700000, 0x000000070f800000, 0x000000070f800000|100%| E|CS|TAMS 0x000000070f700000, 0x000000070f700000| Complete 
| 174|0x000000070f800000, 0x000000070f900000, 0x000000070f900000|100%| E|CS|TAMS 0x000000070f800000, 0x000000070f800000| Complete 
| 175|0x000000070f900000, 0x000000070fa00000, 0x000000070fa00000|100%| E|CS|TAMS 0x000000070f900000, 0x000000070f900000| Complete 
| 176|0x000000070fa00000, 0x000000070fb00000, 0x000000070fb00000|100%| E|CS|TAMS 0x000000070fa00000, 0x000000070fa00000| Complete 
| 177|0x000000070fb00000, 0x000000070fc00000, 0x000000070fc00000|100%| E|CS|TAMS 0x000000070fb00000, 0x000000070fb00000| Complete 
| 178|0x000000070fc00000, 0x000000070fd00000, 0x000000070fd00000|100%| E|CS|TAMS 0x000000070fc00000, 0x000000070fc00000| Complete 
| 179|0x000000070fd00000, 0x000000070fe00000, 0x000000070fe00000|100%| E|CS|TAMS 0x000000070fd00000, 0x000000070fd00000| Complete 
| 180|0x000000070fe00000, 0x000000070ff00000, 0x000000070ff00000|100%| E|CS|TAMS 0x000000070fe00000, 0x000000070fe00000| Complete 
| 181|0x000000070ff00000, 0x0000000710000000, 0x0000000710000000|100%| E|CS|TAMS 0x000000070ff00000, 0x000000070ff00000| Complete 
| 182|0x0000000710000000, 0x0000000710100000, 0x0000000710100000|100%| E|CS|TAMS 0x0000000710000000, 0x0000000710000000| Complete 
| 183|0x0000000710100000, 0x0000000710200000, 0x0000000710200000|100%| E|CS|TAMS 0x0000000710100000, 0x0000000710100000| Complete 
| 184|0x0000000710200000, 0x0000000710300000, 0x0000000710300000|100%| E|CS|TAMS 0x0000000710200000, 0x0000000710200000| Complete 
| 185|0x0000000710300000, 0x0000000710400000, 0x0000000710400000|100%| E|CS|TAMS 0x0000000710300000, 0x0000000710300000| Complete 
| 186|0x0000000710400000, 0x0000000710500000, 0x0000000710500000|100%| E|CS|TAMS 0x0000000710400000, 0x0000000710400000| Complete 
| 187|0x0000000710500000, 0x0000000710600000, 0x0000000710600000|100%| E|CS|TAMS 0x0000000710500000, 0x0000000710500000| Complete 
| 188|0x0000000710600000, 0x0000000710700000, 0x0000000710700000|100%| E|CS|TAMS 0x0000000710600000, 0x0000000710600000| Complete 
| 189|0x0000000710700000, 0x0000000710800000, 0x0000000710800000|100%| E|CS|TAMS 0x0000000710700000, 0x0000000710700000| Complete 
| 190|0x0000000710800000, 0x0000000710900000, 0x0000000710900000|100%| E|CS|TAMS 0x0000000710800000, 0x0000000710800000| Complete 
| 191|0x0000000710900000, 0x0000000710a00000, 0x0000000710a00000|100%| E|CS|TAMS 0x0000000710900000, 0x0000000710900000| Complete 
| 192|0x0000000710a00000, 0x0000000710b00000, 0x0000000710b00000|100%| E|CS|TAMS 0x0000000710a00000, 0x0000000710a00000| Complete 
| 193|0x0000000710b00000, 0x0000000710c00000, 0x0000000710c00000|100%| E|CS|TAMS 0x0000000710b00000, 0x0000000710b00000| Complete 
| 194|0x0000000710c00000, 0x0000000710d00000, 0x0000000710d00000|100%| E|CS|TAMS 0x0000000710c00000, 0x0000000710c00000| Complete 
| 195|0x0000000710d00000, 0x0000000710e00000, 0x0000000710e00000|100%| E|CS|TAMS 0x0000000710d00000, 0x0000000710d00000| Complete 
| 196|0x0000000710e00000, 0x0000000710f00000, 0x0000000710f00000|100%| E|CS|TAMS 0x0000000710e00000, 0x0000000710e00000| Complete 
| 197|0x0000000710f00000, 0x0000000711000000, 0x0000000711000000|100%| E|CS|TAMS 0x0000000710f00000, 0x0000000710f00000| Complete 
| 198|0x0000000711000000, 0x0000000711100000, 0x0000000711100000|100%| E|CS|TAMS 0x0000000711000000, 0x0000000711000000| Complete 
| 199|0x0000000711100000, 0x0000000711200000, 0x0000000711200000|100%| E|CS|TAMS 0x0000000711100000, 0x0000000711100000| Complete 
| 200|0x0000000711200000, 0x0000000711300000, 0x0000000711300000|100%| E|CS|TAMS 0x0000000711200000, 0x0000000711200000| Complete 
| 201|0x0000000711300000, 0x0000000711400000, 0x0000000711400000|100%| E|CS|TAMS 0x0000000711300000, 0x0000000711300000| Complete 
| 202|0x0000000711400000, 0x0000000711500000, 0x0000000711500000|100%| E|CS|TAMS 0x0000000711400000, 0x0000000711400000| Complete 
| 203|0x0000000711500000, 0x0000000711600000, 0x0000000711600000|100%| E|CS|TAMS 0x0000000711500000, 0x0000000711500000| Complete 
| 204|0x0000000711600000, 0x0000000711700000, 0x0000000711700000|100%| E|CS|TAMS 0x0000000711600000, 0x0000000711600000| Complete 
| 205|0x0000000711700000, 0x0000000711800000, 0x0000000711800000|100%| E|CS|TAMS 0x0000000711700000, 0x0000000711700000| Complete 
| 206|0x0000000711800000, 0x0000000711900000, 0x0000000711900000|100%| E|CS|TAMS 0x0000000711800000, 0x0000000711800000| Complete 
| 207|0x0000000711900000, 0x0000000711a00000, 0x0000000711a00000|100%| E|CS|TAMS 0x0000000711900000, 0x0000000711900000| Complete 
| 208|0x0000000711a00000, 0x0000000711b00000, 0x0000000711b00000|100%| E|CS|TAMS 0x0000000711a00000, 0x0000000711a00000| Complete 
| 209|0x0000000711b00000, 0x0000000711c00000, 0x0000000711c00000|100%| E|CS|TAMS 0x0000000711b00000, 0x0000000711b00000| Complete 
| 210|0x0000000711c00000, 0x0000000711d00000, 0x0000000711d00000|100%| E|CS|TAMS 0x0000000711c00000, 0x0000000711c00000| Complete 
| 211|0x0000000711d00000, 0x0000000711e00000, 0x0000000711e00000|100%| E|CS|TAMS 0x0000000711d00000, 0x0000000711d00000| Complete 
| 212|0x0000000711e00000, 0x0000000711f00000, 0x0000000711f00000|100%| E|CS|TAMS 0x0000000711e00000, 0x0000000711e00000| Complete 
| 213|0x0000000711f00000, 0x0000000712000000, 0x0000000712000000|100%| E|CS|TAMS 0x0000000711f00000, 0x0000000711f00000| Complete 
| 214|0x0000000712000000, 0x0000000712100000, 0x0000000712100000|100%| E|CS|TAMS 0x0000000712000000, 0x0000000712000000| Complete 
| 215|0x0000000712100000, 0x0000000712200000, 0x0000000712200000|100%| E|CS|TAMS 0x0000000712100000, 0x0000000712100000| Complete 
| 216|0x0000000712200000, 0x0000000712300000, 0x0000000712300000|100%| E|CS|TAMS 0x0000000712200000, 0x0000000712200000| Complete 
| 217|0x0000000712300000, 0x0000000712400000, 0x0000000712400000|100%| E|CS|TAMS 0x0000000712300000, 0x0000000712300000| Complete 
| 218|0x0000000712400000, 0x0000000712500000, 0x0000000712500000|100%| E|CS|TAMS 0x0000000712400000, 0x0000000712400000| Complete 
| 219|0x0000000712500000, 0x0000000712600000, 0x0000000712600000|100%| E|CS|TAMS 0x0000000712500000, 0x0000000712500000| Complete 
| 220|0x0000000712600000, 0x0000000712700000, 0x0000000712700000|100%| E|CS|TAMS 0x0000000712600000, 0x0000000712600000| Complete 
| 221|0x0000000712700000, 0x0000000712800000, 0x0000000712800000|100%| E|CS|TAMS 0x0000000712700000, 0x0000000712700000| Complete 
| 222|0x0000000712800000, 0x0000000712900000, 0x0000000712900000|100%| E|CS|TAMS 0x0000000712800000, 0x0000000712800000| Complete 
| 223|0x0000000712900000, 0x0000000712a00000, 0x0000000712a00000|100%| E|CS|TAMS 0x0000000712900000, 0x0000000712900000| Complete 
| 224|0x0000000712a00000, 0x0000000712b00000, 0x0000000712b00000|100%| E|CS|TAMS 0x0000000712a00000, 0x0000000712a00000| Complete 
| 225|0x0000000712b00000, 0x0000000712bd6630, 0x0000000712c00000| 83%| S|CS|TAMS 0x0000000712b00000, 0x0000000712b00000| Complete 
| 226|0x0000000712c00000, 0x0000000712d00000, 0x0000000712d00000|100%| S|CS|TAMS 0x0000000712c00000, 0x0000000712c00000| Complete 
| 227|0x0000000712d00000, 0x0000000712e00000, 0x0000000712e00000|100%| S|CS|TAMS 0x0000000712d00000, 0x0000000712d00000| Complete 
| 228|0x0000000712e00000, 0x0000000712f00000, 0x0000000712f00000|100%| E|CS|TAMS 0x0000000712e00000, 0x0000000712e00000| Complete 
| 229|0x0000000712f00000, 0x0000000713000000, 0x0000000713000000|100%| E|CS|TAMS 0x0000000712f00000, 0x0000000712f00000| Complete 
| 230|0x0000000713000000, 0x0000000713100000, 0x0000000713100000|100%| E|CS|TAMS 0x0000000713000000, 0x0000000713000000| Complete 
| 231|0x0000000713100000, 0x0000000713200000, 0x0000000713200000|100%| E|CS|TAMS 0x0000000713100000, 0x0000000713100000| Complete 
| 232|0x0000000713200000, 0x0000000713300000, 0x0000000713300000|100%| E|CS|TAMS 0x0000000713200000, 0x0000000713200000| Complete 
| 233|0x0000000713300000, 0x0000000713400000, 0x0000000713400000|100%| E|CS|TAMS 0x0000000713300000, 0x0000000713300000| Complete 
| 234|0x0000000713400000, 0x0000000713500000, 0x0000000713500000|100%| E|CS|TAMS 0x0000000713400000, 0x0000000713400000| Complete 
| 235|0x0000000713500000, 0x0000000713600000, 0x0000000713600000|100%| E|CS|TAMS 0x0000000713500000, 0x0000000713500000| Complete 
| 236|0x0000000713600000, 0x0000000713700000, 0x0000000713700000|100%| E|CS|TAMS 0x0000000713600000, 0x0000000713600000| Complete 
| 237|0x0000000713700000, 0x0000000713800000, 0x0000000713800000|100%| E|CS|TAMS 0x0000000713700000, 0x0000000713700000| Complete 
| 238|0x0000000713800000, 0x0000000713900000, 0x0000000713900000|100%| E|CS|TAMS 0x0000000713800000, 0x0000000713800000| Complete 
| 239|0x0000000713900000, 0x0000000713a00000, 0x0000000713a00000|100%| E|CS|TAMS 0x0000000713900000, 0x0000000713900000| Complete 
| 240|0x0000000713a00000, 0x0000000713b00000, 0x0000000713b00000|100%| E|CS|TAMS 0x0000000713a00000, 0x0000000713a00000| Complete 
| 241|0x0000000713b00000, 0x0000000713c00000, 0x0000000713c00000|100%| E|CS|TAMS 0x0000000713b00000, 0x0000000713b00000| Complete 
| 242|0x0000000713c00000, 0x0000000713d00000, 0x0000000713d00000|100%| E|CS|TAMS 0x0000000713c00000, 0x0000000713c00000| Complete 
| 243|0x0000000713d00000, 0x0000000713e00000, 0x0000000713e00000|100%| E|CS|TAMS 0x0000000713d00000, 0x0000000713d00000| Complete 
| 244|0x0000000713e00000, 0x0000000713f00000, 0x0000000713f00000|100%| E|CS|TAMS 0x0000000713e00000, 0x0000000713e00000| Complete 
| 245|0x0000000713f00000, 0x0000000714000000, 0x0000000714000000|100%| E|CS|TAMS 0x0000000713f00000, 0x0000000713f00000| Complete 
| 246|0x0000000714000000, 0x0000000714100000, 0x0000000714100000|100%| E|CS|TAMS 0x0000000714000000, 0x0000000714000000| Complete 
| 247|0x0000000714100000, 0x0000000714200000, 0x0000000714200000|100%| E|CS|TAMS 0x0000000714100000, 0x0000000714100000| Complete 
| 248|0x0000000714200000, 0x0000000714300000, 0x0000000714300000|100%| E|CS|TAMS 0x0000000714200000, 0x0000000714200000| Complete 
| 249|0x0000000714300000, 0x0000000714400000, 0x0000000714400000|100%| E|CS|TAMS 0x0000000714300000, 0x0000000714300000| Complete 
| 250|0x0000000714400000, 0x0000000714500000, 0x0000000714500000|100%| E|CS|TAMS 0x0000000714400000, 0x0000000714400000| Complete 
| 251|0x0000000714500000, 0x0000000714600000, 0x0000000714600000|100%| E|CS|TAMS 0x0000000714500000, 0x0000000714500000| Complete 

Card table byte_map: [0x0000018fe6010000,0x0000018fe67f0000] _byte_map_base: 0x0000018fe27eb000

Marking Bits (Prev, Next): (CMBitMap*) 0x0000018fcde23778, (CMBitMap*) 0x0000018fcde237b0
 Prev Bits: [0x0000018fe6fd0000, 0x0000018feaea8000)
 Next Bits: [0x0000018feaeb0000, 0x0000018feed88000)

Polling page: 0x0000018fcd5a0000

Metaspace:

Usage:
  Non-class:      9.90 MB capacity,     9.82 MB (>99%) used,    71.45 KB ( <1%) free+waste,     7.50 KB ( <1%) overhead. 
      Class:    858.00 KB capacity,   815.08 KB ( 95%) used,    40.86 KB (  5%) free+waste,     2.06 KB ( <1%) overhead. 
       Both:     10.74 MB capacity,    10.62 MB ( 99%) used,   112.30 KB (  1%) free+waste,     9.56 KB ( <1%) overhead. 

Virtual space:
  Non-class space:       10.00 MB reserved,      10.00 MB (100%) committed 
      Class space:        1.00 GB reserved,     896.00 KB ( <1%) committed 
             Both:        1.01 GB reserved,      10.88 MB (  1%) committed 

Chunk freelists:
   Non-Class:  101.00 KB
       Class:  6.00 KB
        Both:  107.00 KB

MaxMetaspaceSize: 17179869184.00 GB
CompressedClassSpaceSize: 1.00 GB
Initial GC threshold: 20.80 MB
Current GC threshold: 20.80 MB
CDS: off

CodeHeap 'non-profiled nmethods': size=120000Kb used=1001Kb max_used=1001Kb free=118998Kb
 bounds [0x0000018fddfd0000, 0x0000018fde240000, 0x0000018fe5500000]
CodeHeap 'profiled nmethods': size=120000Kb used=3262Kb max_used=3262Kb free=116737Kb
 bounds [0x0000018fd6aa0000, 0x0000018fd6dd0000, 0x0000018fddfd0000]
CodeHeap 'non-nmethods': size=5760Kb used=1245Kb max_used=1286Kb free=4514Kb
 bounds [0x0000018fd6500000, 0x0000018fd6770000, 0x0000018fd6aa0000]
 total_blobs=2110 nmethods=1592 adapters=431
 compilation: enabled
              stopped_count=0, restarted_count=0
 full_count=0

Compilation events (20 events):
Event: 45.904 Thread 0x0000018ff191d800 1583       4       sun.net.www.MessageHeader::grow (92 bytes)
Event: 45.907 Thread 0x0000018ff191d800 nmethod 1583 0x0000018fde0bfd10 code [0x0000018fde0bfec0, 0x0000018fde0c02f8]
Event: 46.189 Thread 0x0000018f9a498800 1584       4       com.badlogic.gdx.backends.lwjgl.DefaultLwjglInput::isTouched (29 bytes)
Event: 46.192 Thread 0x0000018f9a498800 nmethod 1584 0x0000018fde0c0410 code [0x0000018fde0c0600, 0x0000018fde0c0e18]
Event: 46.253 Thread 0x0000018ff221d000 1585   !   3       com.badlogic.gdx.files.FileHandle::read (260 bytes)
Event: 46.256 Thread 0x0000018ff221d000 nmethod 1585 0x0000018fd6dc9110 code [0x0000018fd6dc97c0, 0x0000018fd6dccbf8]
Event: 46.304 Thread 0x0000018ff221d000 1587       3       com.badlogic.gdx.graphics.g2d.Gdx2DPixmap::toGlFormat (83 bytes)
Event: 46.305 Thread 0x0000018ff221d000 nmethod 1587 0x0000018fd6dcdc90 code [0x0000018fd6dcdf00, 0x0000018fd6dce878]
Event: 46.305 Thread 0x0000018ff221d000 1586       3       com.badlogic.gdx.graphics.Pixmap$Format::fromGdx2DPixmapFormat (82 bytes)
Event: 46.306 Thread 0x0000018ff221d000 nmethod 1586 0x0000018fd6dceb90 code [0x0000018fd6dcee20, 0x0000018fd6dcf858]
Event: 46.719 Thread 0x0000018ff191d800 1588       4       com.badlogic.gdx.math.MathUtils::nextPowerOfTwo (45 bytes)
Event: 46.720 Thread 0x0000018ff191d800 nmethod 1588 0x0000018fde0c1190 code [0x0000018fde0c1320, 0x0000018fde0c13b8]
Event: 47.821 Thread 0x0000018ff191d800 1589       4       java.lang.StringUTF16::newString (50 bytes)
Event: 47.825 Thread 0x0000018ff191d800 nmethod 1589 0x0000018fde0c1490 code [0x0000018fde0c1640, 0x0000018fde0c1c38]
Event: 47.825 Thread 0x0000018ff191d800 1591       4       jdk.internal.loader.BuiltinClassLoader::findResourceOnClassPath (41 bytes)
Event: 47.939 Thread 0x0000018ff191d800 nmethod 1591 0x0000018fde0c1e90 code [0x0000018fde0c2220, 0x0000018fde0c5fc0]
Event: 47.939 Thread 0x0000018ff191d800 1590   !   4       jdk.internal.loader.BuiltinClassLoader::findMiscResource (118 bytes)
Event: 47.951 Thread 0x0000018ff191d800 nmethod 1590 0x0000018fde0c7c90 code [0x0000018fde0c7ea0, 0x0000018fde0c88f8]
Event: 48.920 Thread 0x0000018ff191d800 1592       4       java.util.HashMap::putVal (300 bytes)
Event: 48.932 Thread 0x0000018ff191d800 nmethod 1592 0x0000018fde0c9010 code [0x0000018fde0c9220, 0x0000018fde0ca068]

GC Heap History (2 events):
Event: 3.993 GC heap before
{Heap before GC invocations=0 (full 0):
 garbage-first heap   total 258048K, used 23552K [0x0000000704a00000, 0x0000000800000000)
  region size 1024K, 24 young (24576K), 0 survivors (0K)
 Metaspace       used 10588K, capacity 10741K, committed 10880K, reserved 1058816K
  class space    used 813K, capacity 858K, committed 896K, reserved 1048576K
}
Event: 3.997 GC heap after
{Heap after GC invocations=1 (full 0):
 garbage-first heap   total 258048K, used 2905K [0x0000000704a00000, 0x0000000800000000)
  region size 1024K, 3 young (3072K), 3 survivors (3072K)
 Metaspace       used 10588K, capacity 10741K, committed 10880K, reserved 1058816K
  class space    used 813K, capacity 858K, committed 896K, reserved 1048576K
}

Deoptimization events (20 events):
Event: 45.310 Thread 0x0000018ff2a05000 Uncommon trap: trap_request=0xffffff4d fr.pc=0x0000018fde0b336c relative=0x00000000000039ac
Event: 45.310 Thread 0x0000018ff2a05000 Uncommon trap: reason=unstable_if action=reinterpret pc=0x0000018fde0b336c method=com.badlogic.gdx.files.FileHandle.read()Ljava/io/InputStream; @ 27 c2
Event: 45.310 Thread 0x0000018ff2a05000 DEOPT PACKING pc=0x0000018fde0b336c sp=0x00000047126fedc0
Event: 45.310 Thread 0x0000018ff2a05000 DEOPT UNPACKING pc=0x0000018fd65085af sp=0x00000047126fee08 mode 2
Event: 45.311 Thread 0x0000018ff2a05000 Uncommon trap: trap_request=0xffffff4d fr.pc=0x0000018fde0a6d84 relative=0x0000000000000064
Event: 45.311 Thread 0x0000018ff2a05000 Uncommon trap: reason=unstable_if action=reinterpret pc=0x0000018fde0a6d84 method=com.badlogic.gdx.graphics.Pixmap$Format.fromGdx2DPixmapFormat(I)Lcom/badlogic/gdx/graphics/Pixmap$Format; @ 2 c2
Event: 45.311 Thread 0x0000018ff2a05000 DEOPT PACKING pc=0x0000018fde0a6d84 sp=0x00000047126feeb0
Event: 45.311 Thread 0x0000018ff2a05000 DEOPT UNPACKING pc=0x0000018fd65085af sp=0x00000047126fee40 mode 2
Event: 45.311 Thread 0x0000018ff2a05000 Uncommon trap: trap_request=0xffffff4d fr.pc=0x0000018fde0aeed4 relative=0x0000000000000034
Event: 45.311 Thread 0x0000018ff2a05000 Uncommon trap: reason=unstable_if action=reinterpret pc=0x0000018fde0aeed4 method=com.badlogic.gdx.graphics.g2d.Gdx2DPixmap.toGlFormat(I)I @ 1 c2
Event: 45.311 Thread 0x0000018ff2a05000 DEOPT PACKING pc=0x0000018fde0aeed4 sp=0x00000047126fecb0
Event: 45.311 Thread 0x0000018ff2a05000 DEOPT UNPACKING pc=0x0000018fd65085af sp=0x00000047126fec48 mode 2
Event: 45.344 Thread 0x0000018ff2a05000 Uncommon trap: trap_request=0xffffff4d fr.pc=0x0000018fde014f64 relative=0x00000000000004a4
Event: 45.344 Thread 0x0000018ff2a05000 Uncommon trap: reason=unstable_if action=reinterpret pc=0x0000018fde014f64 method=com.badlogic.gdx.utils.ObjectIntMap.locateKey(Ljava/lang/Object;)I @ 32 c2
Event: 45.344 Thread 0x0000018ff2a05000 DEOPT PACKING pc=0x0000018fde014f64 sp=0x00000047126feee0
Event: 45.344 Thread 0x0000018ff2a05000 DEOPT UNPACKING pc=0x0000018fd65085af sp=0x00000047126fee88 mode 2
Event: 49.145 Thread 0x0000018ff2a05000 Uncommon trap: trap_request=0xffffff4d fr.pc=0x0000018fde094aac relative=0x000000000000008c
Event: 49.145 Thread 0x0000018ff2a05000 Uncommon trap: reason=unstable_if action=reinterpret pc=0x0000018fde094aac method=java.util.Arrays.fill([Ljava/lang/Object;IILjava/lang/Object;)V @ 13 c2
Event: 49.145 Thread 0x0000018ff2a05000 DEOPT PACKING pc=0x0000018fde094aac sp=0x00000047126ff5a0
Event: 49.145 Thread 0x0000018ff2a05000 DEOPT UNPACKING pc=0x0000018fd65085af sp=0x00000047126ff4b0 mode 2

Classes redefined (0 events):
No events

Internal exceptions (20 events):
Event: 48.699 Thread 0x0000018ff2a05000 Exception <a 'java/io/FileNotFoundException'{0x000000070d0ce1f0}> (0x000000070d0ce1f0) thrown at [./src/hotspot/share/prims/jni.cpp, line 616]
Event: 48.720 Thread 0x0000018ff2a05000 Exception <a 'java/io/FileNotFoundException'{0x000000070d0d8df0}> (0x000000070d0d8df0) thrown at [./src/hotspot/share/prims/jni.cpp, line 616]
Event: 48.735 Thread 0x0000018ff2a05000 Exception <a 'java/io/FileNotFoundException'{0x000000070d0e39f0}> (0x000000070d0e39f0) thrown at [./src/hotspot/share/prims/jni.cpp, line 616]
Event: 48.756 Thread 0x0000018ff2a05000 Exception <a 'java/io/FileNotFoundException'{0x000000070d0ee5f0}> (0x000000070d0ee5f0) thrown at [./src/hotspot/share/prims/jni.cpp, line 616]
Event: 48.769 Thread 0x0000018ff2a05000 Exception <a 'java/io/FileNotFoundException'{0x000000070d0f91f0}> (0x000000070d0f91f0) thrown at [./src/hotspot/share/prims/jni.cpp, line 616]
Event: 48.784 Thread 0x0000018ff2a05000 Exception <a 'java/io/FileNotFoundException'{0x000000070cf05770}> (0x000000070cf05770) thrown at [./src/hotspot/share/prims/jni.cpp, line 616]
Event: 48.804 Thread 0x0000018ff2a05000 Exception <a 'java/io/FileNotFoundException'{0x000000070cf10370}> (0x000000070cf10370) thrown at [./src/hotspot/share/prims/jni.cpp, line 616]
Event: 48.817 Thread 0x0000018ff2a05000 Exception <a 'java/io/FileNotFoundException'{0x000000070cf1af70}> (0x000000070cf1af70) thrown at [./src/hotspot/share/prims/jni.cpp, line 616]
Event: 48.832 Thread 0x0000018ff2a05000 Exception <a 'java/io/FileNotFoundException'{0x000000070cf25b70}> (0x000000070cf25b70) thrown at [./src/hotspot/share/prims/jni.cpp, line 616]
Event: 48.849 Thread 0x0000018ff2a05000 Exception <a 'java/io/FileNotFoundException'{0x000000070cf30770}> (0x000000070cf30770) thrown at [./src/hotspot/share/prims/jni.cpp, line 616]
Event: 48.865 Thread 0x0000018ff2a05000 Exception <a 'java/io/FileNotFoundException'{0x000000070cf3b370}> (0x000000070cf3b370) thrown at [./src/hotspot/share/prims/jni.cpp, line 616]
Event: 48.883 Thread 0x0000018ff2a05000 Exception <a 'java/io/FileNotFoundException'{0x000000070cf45f70}> (0x000000070cf45f70) thrown at [./src/hotspot/share/prims/jni.cpp, line 616]
Event: 48.900 Thread 0x0000018ff2a05000 Exception <a 'java/io/FileNotFoundException'{0x000000070cf50b70}> (0x000000070cf50b70) thrown at [./src/hotspot/share/prims/jni.cpp, line 616]
Event: 48.916 Thread 0x0000018ff2a05000 Exception <a 'java/io/FileNotFoundException'{0x000000070cf5b770}> (0x000000070cf5b770) thrown at [./src/hotspot/share/prims/jni.cpp, line 616]
Event: 48.931 Thread 0x0000018ff2a05000 Exception <a 'java/io/FileNotFoundException'{0x000000070cf66370}> (0x000000070cf66370) thrown at [./src/hotspot/share/prims/jni.cpp, line 616]
Event: 48.951 Thread 0x0000018ff2a05000 Exception <a 'java/io/FileNotFoundException'{0x000000070cf70f70}> (0x000000070cf70f70) thrown at [./src/hotspot/share/prims/jni.cpp, line 616]
Event: 48.965 Thread 0x0000018ff2a05000 Exception <a 'java/io/FileNotFoundException'{0x000000070cf7bb70}> (0x000000070cf7bb70) thrown at [./src/hotspot/share/prims/jni.cpp, line 616]
Event: 48.982 Thread 0x0000018ff2a05000 Exception <a 'java/io/FileNotFoundException'{0x000000070cf87780}> (0x000000070cf87780) thrown at [./src/hotspot/share/prims/jni.cpp, line 616]
Event: 48.998 Thread 0x0000018ff2a05000 Exception <a 'java/io/FileNotFoundException'{0x000000070cf92380}> (0x000000070cf92380) thrown at [./src/hotspot/share/prims/jni.cpp, line 616]
Event: 49.018 Thread 0x0000018ff2a05000 Exception <a 'java/io/FileNotFoundException'{0x000000070cf9cf80}> (0x000000070cf9cf80) thrown at [./src/hotspot/share/prims/jni.cpp, line 616]

Events (20 events):
Event: 8.573 Loaded shared library C:\Users\ryanlin2005\AppData\Local\Temp\libgdxryanlin2005\1cecf4f6\lwjgl64.dll
Event: 10.708 Loaded shared library C:\Users\ryanlin2005\AppData\Local\Temp\libgdxryanlin2005\1cecf4f6\lwjgl64.dll
Event: 10.709 Loaded shared library C:\Users\ryanlin2005\AppData\Local\Temp\libgdxryanlin2005\1cecf4f6\lwjgl64.dll
Event: 11.389 Loaded shared library C:\Users\ryanlin2005\AppData\Local\Temp\libgdxryanlin2005\1cecf4f6\lwjgl64.dll
Event: 11.390 Loaded shared library C:\Users\ryanlin2005\AppData\Local\Temp\libgdxryanlin2005\1cecf4f6\lwjgl64.dll
Event: 11.409 Loaded shared library C:\Users\ryanlin2005\AppData\Local\Temp\libgdxryanlin2005\ad089354\gdx-freetype64.dll
Event: 11.413 Loaded shared library C:\Users\ryanlin2005\AppData\Local\Temp\libgdxryanlin2005\ad089354\gdx-freetype64.dll
Event: 11.415 Loaded shared library C:\Users\ryanlin2005\AppData\Local\Temp\libgdxryanlin2005\ad089354\gdx-freetype64.dll
Event: 11.416 Loaded shared library C:\Users\ryanlin2005\AppData\Local\Temp\libgdxryanlin2005\1cecf4f6\lwjgl64.dll
Event: 12.582 Loaded shared library C:\Users\ryanlin2005\AppData\Local\Temp\libgdxryanlin2005\1cecf4f6\lwjgl64.dll
Event: 13.521 Loaded shared library C:\Users\ryanlin2005\AppData\Local\Temp\libgdxryanlin2005\e1cd32f8\gdx64.dll
Event: 22.547 loading class com/badlogic/gdx/graphics/g2d/freetype/FreeType$Stroker
Event: 22.547 loading class com/badlogic/gdx/graphics/g2d/freetype/FreeType$Stroker done
Event: 39.423 Loaded shared library C:\Users\ryanlin2005\AppData\Local\Temp\libgdxryanlin2005\1cecf4f6\lwjgl64.dll
Event: 45.321 Thread 0x0000018f9a498800 Thread added: 0x0000018f9a498800
Event: 45.323 Thread 0x0000018ff4a08800 Thread added: 0x0000018ff4a08800
Event: 45.522 Thread 0x0000018ff4a08800 Thread exited: 0x0000018ff4a08800
Event: 46.304 Thread 0x0000018f9a498800 Thread exited: 0x0000018f9a498800
Event: 49.144 loading class com/badlogic/gdx/backends/lwjgl/LwjglApplication$2
Event: 49.144 loading class com/badlogic/gdx/backends/lwjgl/LwjglApplication$2 done


Dynamic libraries:
0x00007ff7282b0000 - 0x00007ff7282bd000 	C:\Program Files\Eclipse Adoptium\jdk-11.0.14.9-hotspot\bin\java.exe
0x00007ffce4870000 - 0x00007ffce4a67000 	C:\Windows\SYSTEM32\ntdll.dll
0x00007ffce41f0000 - 0x00007ffce42ad000 	C:\Windows\System32\KERNEL32.DLL
0x00007ffce2000000 - 0x00007ffce22cd000 	C:\Windows\System32\KERNELBASE.dll
0x00007ffce2670000 - 0x00007ffce2770000 	C:\Windows\System32\ucrtbase.dll
0x00007ffcc4220000 - 0x00007ffcc4237000 	C:\Program Files\Eclipse Adoptium\jdk-11.0.14.9-hotspot\bin\jli.dll
0x00007ffcc4580000 - 0x00007ffcc4595000 	C:\Program Files\Eclipse Adoptium\jdk-11.0.14.9-hotspot\bin\VCRUNTIME140.dll
0x00007ffce2d30000 - 0x00007ffce2ed0000 	C:\Windows\System32\USER32.dll
0x00007ffce2490000 - 0x00007ffce24b2000 	C:\Windows\System32\win32u.dll
0x00007ffce42b0000 - 0x00007ffce42da000 	C:\Windows\System32\GDI32.dll
0x00007ffccc960000 - 0x00007ffcccbfa000 	C:\Windows\WinSxS\amd64_microsoft.windows.common-controls_6595b64144ccf1df_6.0.19041.1110_none_60b5254171f9507e\COMCTL32.dll
0x00007ffce22d0000 - 0x00007ffce23db000 	C:\Windows\System32\gdi32full.dll
0x00007ffce3a30000 - 0x00007ffce3ace000 	C:\Windows\System32\msvcrt.dll
0x00007ffce24c0000 - 0x00007ffce255d000 	C:\Windows\System32\msvcp_win.dll
0x00007ffce3ba0000 - 0x00007ffce3bd0000 	C:\Windows\System32\IMM32.DLL
0x00007ffc8bc10000 - 0x00007ffc8bcab000 	C:\Program Files\Eclipse Adoptium\jdk-11.0.14.9-hotspot\bin\msvcp140.dll
0x00007ffc71fa0000 - 0x00007ffc72b21000 	C:\Program Files\Eclipse Adoptium\jdk-11.0.14.9-hotspot\bin\server\jvm.dll
0x00007ffce2ed0000 - 0x00007ffce2f7e000 	C:\Windows\System32\ADVAPI32.dll
0x00007ffce2ff0000 - 0x00007ffce308c000 	C:\Windows\System32\sechost.dll
0x00007ffce2c00000 - 0x00007ffce2d25000 	C:\Windows\System32\RPCRT4.dll
0x00007ffce2b30000 - 0x00007ffce2b38000 	C:\Windows\System32\PSAPI.DLL
0x00007ffccff20000 - 0x00007ffccff29000 	C:\Windows\SYSTEM32\WSOCK32.dll
0x00007ffcc6140000 - 0x00007ffcc6167000 	C:\Windows\SYSTEM32\WINMM.dll
0x00007ffcd7430000 - 0x00007ffcd743a000 	C:\Windows\SYSTEM32\VERSION.dll
0x00007ffce3870000 - 0x00007ffce38db000 	C:\Windows\System32\WS2_32.dll
0x00007ffce0870000 - 0x00007ffce0882000 	C:\Windows\SYSTEM32\kernel.appcore.dll
0x00007ffcd5240000 - 0x00007ffcd5250000 	C:\Program Files\Eclipse Adoptium\jdk-11.0.14.9-hotspot\bin\verify.dll
0x00007ffce0600000 - 0x00007ffce07e4000 	C:\Windows\SYSTEM32\DBGHELP.DLL
0x00007ffcd6bf0000 - 0x00007ffcd6c1c000 	C:\Windows\SYSTEM32\dbgcore.DLL
0x00007ffce2590000 - 0x00007ffce2612000 	C:\Windows\System32\bcryptPrimitives.dll
0x00007ffcb1460000 - 0x00007ffcb1488000 	C:\Program Files\Eclipse Adoptium\jdk-11.0.14.9-hotspot\bin\java.dll
0x00007ffccbed0000 - 0x00007ffccbeda000 	C:\Program Files\Eclipse Adoptium\jdk-11.0.14.9-hotspot\bin\jimage.dll
0x00007ffcbb450000 - 0x00007ffcbb468000 	C:\Program Files\Eclipse Adoptium\jdk-11.0.14.9-hotspot\bin\zip.dll
0x00007ffce3090000 - 0x00007ffce37d4000 	C:\Windows\System32\SHELL32.dll
0x00007ffcdfd60000 - 0x00007ffce04f4000 	C:\Windows\SYSTEM32\windows.storage.dll
0x00007ffce3e90000 - 0x00007ffce41e4000 	C:\Windows\System32\combase.dll
0x00007ffce19f0000 - 0x00007ffce1a1c000 	C:\Windows\SYSTEM32\Wldp.dll
0x00007ffce3980000 - 0x00007ffce3a2d000 	C:\Windows\System32\SHCORE.dll
0x00007ffce2f90000 - 0x00007ffce2fe5000 	C:\Windows\System32\shlwapi.dll
0x00007ffce1ed0000 - 0x00007ffce1eef000 	C:\Windows\SYSTEM32\profapi.dll
0x00007ffcb9ff0000 - 0x00007ffcba009000 	C:\Program Files\Eclipse Adoptium\jdk-11.0.14.9-hotspot\bin\net.dll
0x00007ffcdc7d0000 - 0x00007ffcdc8da000 	C:\Windows\SYSTEM32\WINHTTP.dll
0x00007ffce1750000 - 0x00007ffce17ba000 	C:\Windows\system32\mswsock.dll
0x00007ffcb74e0000 - 0x00007ffcb74f3000 	C:\Program Files\Eclipse Adoptium\jdk-11.0.14.9-hotspot\bin\nio.dll
0x000000006e700000 - 0x000000006e72a000 	C:\Users\ryanlin2005\AppData\Local\Temp\libgdxryanlin2005\e1cd32f8\gdx64.dll
0x0000000180000000 - 0x0000000180053000 	C:\Users\ryanlin2005\AppData\Local\Temp\libgdxryanlin2005\1cecf4f6\lwjgl64.dll
0x00007ffcb3f60000 - 0x00007ffcb4086000 	C:\Windows\SYSTEM32\OPENGL32.dll
0x00007ffcc73f0000 - 0x00007ffcc741c000 	C:\Windows\SYSTEM32\GLU32.dll
0x0000018ff2d60000 - 0x0000018ff2dc4000 	C:\Users\RYANLI~1\AppData\Local\Temp\libgdxryanlin2005\1cecf4f6\OpenAL64.dll
0x00007ffce29f0000 - 0x00007ffce2b1a000 	C:\Windows\System32\ole32.dll
0x00007ffcdf4a0000 - 0x00007ffcdf53e000 	C:\Windows\system32\uxtheme.dll
0x00007ffce3c30000 - 0x00007ffce3cd9000 	C:\Windows\System32\clbcatq.dll
0x00007ffc8bb70000 - 0x00007ffc8bc0c000 	C:\Windows\SYSTEM32\dsound.dll
0x00007ffce1570000 - 0x00007ffce15bb000 	C:\Windows\SYSTEM32\powrprof.dll
0x00007ffccee30000 - 0x00007ffccee56000 	C:\Windows\SYSTEM32\winmmbase.dll
0x00007ffce13d0000 - 0x00007ffce13e2000 	C:\Windows\SYSTEM32\UMPDC.dll
0x00007ffcd8680000 - 0x00007ffcd8705000 	C:\Windows\System32\MMDevApi.dll
0x00007ffce1d40000 - 0x00007ffce1d6c000 	C:\Windows\System32\DEVOBJ.dll
0x00007ffce2620000 - 0x00007ffce266e000 	C:\Windows\System32\cfgmgr32.dll
0x00007ffcd8ed0000 - 0x00007ffcd9052000 	C:\Windows\SYSTEM32\AUDIOSES.DLL
0x00007ffce3ad0000 - 0x00007ffce3b9d000 	C:\Windows\System32\OLEAUT32.dll
0x00007ffcdf580000 - 0x00007ffcdf594000 	C:\Windows\SYSTEM32\resourcepolicyclient.dll
0x00007ffcc3730000 - 0x00007ffcc37de000 	C:\Windows\SYSTEM32\mscms.dll
0x00007ffcc3710000 - 0x00007ffcc3721000 	C:\Windows\SYSTEM32\ColorAdapterClient.dll
0x00007ffce1e50000 - 0x00007ffce1e7e000 	C:\Windows\SYSTEM32\USERENV.dll
0x00007ffcbb8b0000 - 0x00007ffcbb8f3000 	C:\Windows\System32\Windows.Internal.Graphics.Display.DisplayColorManagement.dll
0x00007ffce28d0000 - 0x00007ffce29e5000 	C:\Windows\System32\MSCTF.dll
0x00007ffcd8170000 - 0x00007ffcd8267000 	C:\Windows\System32\AppXDeploymentClient.dll
0x00007ffc5ae00000 - 0x00007ffc5be0b000 	C:\Windows\System32\DriverStore\FileRepository\iigd_dch.inf_amd64_876e787d5e7fdd3d\igxelpicd64.dll
0x00007ffcdf680000 - 0x00007ffcdf6af000 	C:\Windows\system32\dwmapi.dll
0x00007ffce0890000 - 0x00007ffce0983000 	C:\Windows\system32\dxgi.dll
0x00007ffc63dc0000 - 0x00007ffc640ae000 	C:\Windows\System32\DriverStore\FileRepository\iigd_dch.inf_amd64_876e787d5e7fdd3d\igdml64.dll
0x00007ffcc0e70000 - 0x00007ffcc1238000 	C:\Windows\System32\DriverStore\FileRepository\iigd_dch.inf_amd64_876e787d5e7fdd3d\igdgmm64.dll
0x00007ffcc4da0000 - 0x00007ffcc4e99000 	C:\Windows\SYSTEM32\textinputframework.dll
0x00007ffcdec50000 - 0x00007ffcdefae000 	C:\Windows\System32\CoreUIComponents.dll
0x00007ffcdf0b0000 - 0x00007ffcdf1a2000 	C:\Windows\System32\CoreMessaging.dll
0x00007ffce0c90000 - 0x00007ffce0cc3000 	C:\Windows\SYSTEM32\ntmarta.dll
0x00007ffcde770000 - 0x00007ffcde8c4000 	C:\Windows\SYSTEM32\wintypes.dll
0x00007ffca7130000 - 0x00007ffca7173000 	C:\Windows\SYSTEM32\icm32.dll
0x00007ffcbd880000 - 0x00007ffcc0e66000 	C:\Windows\System32\DriverStore\FileRepository\iigd_dch.inf_amd64_876e787d5e7fdd3d\igc64.dll
0x000000006a340000 - 0x000000006a3eb000 	C:\Users\ryanlin2005\AppData\Local\Temp\libgdxryanlin2005\ad089354\gdx-freetype64.dll
0x00007ffcbce50000 - 0x00007ffcbcefc000 	C:\Windows\SYSTEM32\TextShaping.dll

dbghelp: loaded successfully - version: 4.0.5 - missing functions: none
symbol engine: initialized successfully - sym options: 0x614 - pdb path: .;C:\Program Files\Eclipse Adoptium\jdk-11.0.14.9-hotspot\bin;C:\Windows\SYSTEM32;C:\Windows\WinSxS\amd64_microsoft.windows.common-controls_6595b64144ccf1df_6.0.19041.1110_none_60b5254171f9507e;C:\Program Files\Eclipse Adoptium\jdk-11.0.14.9-hotspot\bin\server;C:\Users\ryanlin2005\AppData\Local\Temp\libgdxryanlin2005\e1cd32f8;C:\Users\ryanlin2005\AppData\Local\Temp\libgdxryanlin2005\1cecf4f6;C:\Users\RYANLI~1\AppData\Local\Temp\libgdxryanlin2005\1cecf4f6;C:\Windows\System32\DriverStore\FileRepository\iigd_dch.inf_amd64_876e787d5e7fdd3d;C:\Users\ryanlin2005\AppData\Local\Temp\libgdxryanlin2005\ad089354

VM Arguments:
jvm_args: -Dfile.encoding=x-windows-950 -Duser.country=TW -Duser.language=zh -Duser.variant 
java_command: com.ideograph.game.desktop.DesktopLauncher
java_class_path (initial): C:\Users\ryanlin2005\Documents\GitHub\Ideograph_Adventure\desktop\build\classes\java\main;C:\Users\ryanlin2005\Documents\GitHub\Ideograph_Adventure\desktop\build\resources\main;C:\Users\ryanlin2005\.gradle\caches\modules-2\files-2.1\com.badlogicgames.gdx\gdx-backend-lwjgl\1.10.0\58ff89d9e4fd8a82591367f187d606e781cacc05\gdx-backend-lwjgl-1.10.0.jar;C:\Users\ryanlin2005\.gradle\caches\modules-2\files-2.1\com.badlogicgames.gdx\gdx-platform\1.10.0\9a8fa793d2fd6d360afc6c9e4c1f5583da263b88\gdx-platform-1.10.0-natives-desktop.jar;C:\Users\ryanlin2005\Documents\GitHub\Ideograph_Adventure\core\build\libs\core-1.0.jar;C:\Users\ryanlin2005\.gradle\caches\modules-2\files-2.1\com.badlogicgames.gdx\gdx-freetype-platform\1.10.0\6e5d28752759e69384f12e4569d2c884ff71352f\gdx-freetype-platform-1.10.0-natives-desktop.jar;C:\Users\ryanlin2005\.gradle\caches\modules-2\files-2.1\com.badlogicgames.gdx\gdx-freetype\1.10.0\de1d0d5c1e92e8d91364256fd6b7bb279d3e9859\gdx-freetype-1.10.0.jar;C:\Users\ryanlin2005\.gradle\caches\modules-2\files-2.1\com.badlogicgames.gdx\gdx\1.10.0\74c240f79dc4fb6b766a834249600d0a019d0489\gdx-1.10.0.jar;C:\Users\ryanlin2005\.gradle\caches\modules-2\files-2.1\org.lwjgl.lwjgl\lwjgl_util\2.9.3\751f06b62424da056954c67288fd5c494431e350\lwjgl_util-2.9.3.jar;C:\Users\ryanlin2005\.gradle\caches\modules-2\files-2.1\org.lwjgl.lwjgl\lwjgl\2.9.3\3df168ac74e4a8c96562cdff24ad352e255bf89c\lwjgl-2.9.3.jar;C:\Users\ryanlin2005\.gradle\caches\modules-2\files-2.1\com.badlogicgames.jlayer\jlayer\1.0.1-gdx\7cca83cec5c1b2f011362f4d85aabd71a73b049d\jlayer-1.0.1-gdx.jar;C:\Users\ryanlin2005\.gradle\caches\modules-2\files-2.1\org.jcraft\jorbis\0.0.17\8872d22b293e8f5d7d56ff92be966e6dc28ebdc6\jorbis-0.0.17.jar;C:\Users\ryanlin2005\.gradle\caches\modules-2\files-2.1\org.lwjgl.lwjgl\lwjgl-platform\2.9.3\fbc2afb3e288578e9942578decb6291a490549a0\lwjgl-platform-2.9.3-natives-windows.jar;C:\Users\ryanlin2005\.gradle\caches\modules-2\files-2.1\org.lwjgl.lwjgl\lwjgl-platf
Launcher Type: SUN_STANDARD

[Global flags]
     intx CICompilerCount                          = 4                                         {product} {ergonomic}
     uint ConcGCThreads                            = 2                                         {product} {ergonomic}
     uint G1ConcRefinementThreads                  = 8                                         {product} {ergonomic}
   size_t G1HeapRegionSize                         = 1048576                                   {product} {ergonomic}
    uintx GCDrainStackTargetSize                   = 64                                        {product} {ergonomic}
   size_t InitialHeapSize                          = 264241152                                 {product} {ergonomic}
   size_t MarkStackSize                            = 4194304                                   {product} {ergonomic}
   size_t MaxHeapSize                              = 4217372672                                {product} {ergonomic}
   size_t MaxNewSize                               = 2530213888                                {product} {ergonomic}
   size_t MinHeapDeltaBytes                        = 1048576                                   {product} {ergonomic}
    uintx NonNMethodCodeHeapSize                   = 5836300                                {pd product} {ergonomic}
    uintx NonProfiledCodeHeapSize                  = 122910970                              {pd product} {ergonomic}
    uintx ProfiledCodeHeapSize                     = 122910970                              {pd product} {ergonomic}
    uintx ReservedCodeCacheSize                    = 251658240                              {pd product} {ergonomic}
     bool SegmentedCodeCache                       = true                                      {product} {ergonomic}
     bool UseCompressedClassPointers               = true                                 {lp64_product} {ergonomic}
     bool UseCompressedOops                        = true                                 {lp64_product} {ergonomic}
     bool UseG1GC                                  = true                                      {product} {ergonomic}
     bool UseLargePagesIndividualAllocation        = false                                  {pd product} {ergonomic}

Logging:
Log output configuration:
 #0: stdout all=warning uptime,level,tags
 #1: stderr all=off uptime,level,tags

Environment Variables:
JAVA_HOME=C:\Program Files\Eclipse Adoptium\jdk-11.0.14.9-hotspot\
PATH=C:\Program Files\Eclipse Adoptium\jdk-11.0.14.9-hotspot\bin;C:\Program Files (x86)\Common Files\Oracle\Java\javapath;C:\Windows\system32;C:\Windows;C:\Windows\System32\Wbem;C:\Windows\System32\WindowsPowerShell\v1.0\;C:\Windows\System32\OpenSSH\;C:\Program Files (x86)\NVIDIA Corporation\PhysX\Common;C:\Program Files\nodejs\;C:\Program Files\IDM Computer Solutions\UltraEdit;C:\MinGW\bin;C:\Program Files\Git\cmd;C:\Program Files\NVIDIA Corporation\NVIDIA NvDLISR;C:\Users\ryanlin2005\AppData\Local\Programs\Python\Python310\Scripts\;C:\Users\ryanlin2005\AppData\Local\Programs\Python\Python310\;C:\Users\ryanlin2005\AppData\Local\Microsoft\WindowsApps;C:\Users\ryanlin2005\AppData\Roaming\npm;C:\Users\ryanlin2005\AppData\Local\Programs\Microsoft VS Code\bin;C:\Program Files\JetBrains\IntelliJ IDEA Community Edition 2021.3.1\bin;C:\Users\ryanlin2005\AppData\Local\GitHubDesktop\bin;C:\Users\ryanlin2005\AppData\Local\gitkraken\bin
USERNAME=ryanlin2005
OS=Windows_NT
PROCESSOR_IDENTIFIER=Intel64 Family 6 Model 140 Stepping 1, GenuineIntel



---------------  S Y S T E M  ---------------

OS: Windows 10 , 64 bit Build 19041 (10.0.19041.1741)
OS uptime: 5 days 23:55 hours

CPU:total 8 (initial active 8) (4 cores per cpu, 2 threads per core) family 6 model 140 stepping 1 microcode 0x86, cmov, cx8, fxsr, mmx, sse, sse2, sse3, ssse3, sse4.1, sse4.2, popcnt, avx, avx2, aes, clmul, erms, 3dnowpref, lzcnt, ht, tsc, tscinvbit, bmi1, bmi2, adx, evex, sha, fma

Memory: 4k page, system-wide physical 16082M (4879M free)
TotalPageFile size 19538M (AvailPageFile size 4348M)
current process WorkingSet (physical memory assigned to process): 627M, peak: 627M
current process commit charge ("private bytes"): 891M, peak: 891M

vm_info: OpenJDK 64-Bit Server VM (11.0.14+9) for windows-amd64 JRE (11.0.14+9), built on Jan 19 2022 06:39:50 by "" with unknown MS VC++:1916

END.
