#
# A fatal error has been detected by the Java Runtime Environment:
#
#  EXCEPTION_ACCESS_VIOLATION (0xc0000005) at pc=0x000000006a34bb04, pid=30500, tid=17968
#
# JRE version: OpenJDK Runtime Environment Temurin-11.0.14+9 (11.0.14+9) (build 11.0.14+9)
# Java VM: OpenJDK 64-Bit Server VM Temurin-11.0.14+9 (11.0.14+9, mixed mode, tiered, compressed oops, g1 gc, windows-amd64)
# Problematic frame:
# C  [gdx-freetype64.dll+0xbb04]
#
# No core dump will be written. Minidumps are not enabled by default on client versions of Windows
#
# If you would like to submit a bug report, please visit:
#   https://github.com/adoptium/adoptium-support/issues
# The crash happened outside the Java Virtual Machine in native code.
# See problematic frame for where to report the bug.
#

---------------  S U M M A R Y ------------

Command Line: -Dfile.encoding=x-windows-950 -Duser.country=TW -Duser.language=zh -Duser.variant com.ideograph.game.desktop.DesktopLauncher

Host: 11th Gen Intel(R) Core(TM) i7-1165G7 @ 2.80GHz, 8 cores, 15G,  Windows 10 , 64 bit Build 19041 (10.0.19041.1741)
Time: Sat Jul  2 00:03:36 2022 台北標準時間 elapsed time: 125.379600 seconds (0d 0h 2m 5s)

---------------  T H R E A D  ---------------

Current thread (0x000001950713e000):  JavaThread "LWJGL Application" [_thread_in_native, id=17968, stack(0x0000007bd2500000,0x0000007bd2600000)]

Stack: [0x0000007bd2500000,0x0000007bd2600000],  sp=0x0000007bd25ff0d0,  free space=1020k
Native frames: (J=compiled Java code, j=interpreted, Vv=VM code, C=native code)
C  [gdx-freetype64.dll+0xbb04]

Java frames: (J=compiled Java code, j=interpreted, Vv=VM code)
J 1462  com.badlogic.gdx.graphics.g2d.freetype.FreeType$Face.doneFace(J)V (0 bytes) @ 0x0000019571f17a91 [0x0000019571f17a40+0x0000000000000051]
J 1660 c2 com.badlogic.gdx.graphics.g2d.freetype.FreeTypeFontGenerator.dispose()V (15 bytes) @ 0x0000019571fcb38c [0x0000019571fcb340+0x000000000000004c]
j  com.ideograph.game.TextRenderer.dispose()V+4
j  com.ideograph.game.Game.dispose()V+60
j  com.badlogic.gdx.backends.lwjgl.LwjglApplication.mainLoop()V+924
j  com.badlogic.gdx.backends.lwjgl.LwjglApplication$1.run()V+27
v  ~StubRoutines::call_stub

siginfo: EXCEPTION_ACCESS_VIOLATION (0xc0000005), reading address 0x0000000000000060


Register to memory mapping:

RIP=0x000000006a34bb04 gdx-freetype64.dll
RAX=0x0 is NULL
RBX=0x000001954dafba10 points into unknown readable memory: 0x0000000000000001 | 01 00 00 00 00 00 00 00
RCX=0x000001954dafba10 points into unknown readable memory: 0x0000000000000001 | 01 00 00 00 00 00 00 00
RDX=0x0000007bd25ff170 is pointing into the stack for thread: 0x000001950713e000
RSP=0x0000007bd25ff0d0 is pointing into the stack for thread: 0x000001950713e000
RBP=0x0000007bd25ff180 is pointing into the stack for thread: 0x000001950713e000
RSI=0x0000019531df3c30 points into unknown readable memory: 0x000000006a3d5ac0 | c0 5a 3d 6a 00 00 00 00
RDI=0x0000000000000001 is an unknown value
R8 =0x000001954dafba10 points into unknown readable memory: 0x0000000000000001 | 01 00 00 00 00 00 00 00
R9 =0x00000000000000cb is an unknown value
R10=0x000000006a3414d0 gdx-freetype64.dll
R11=0x0000019571fcb360 is at entry_point+32 in (nmethod*)0x0000019571fcb110
R12=0x0 is NULL
R13=0x0000007bd25ff218 is pointing into the stack for thread: 0x000001950713e000
R14=0x0000007bd25ff170 is pointing into the stack for thread: 0x000001950713e000
R15=0x000001950713e000 is a thread


Registers:
RAX=0x0000000000000000, RBX=0x000001954dafba10, RCX=0x000001954dafba10, RDX=0x0000007bd25ff170
RSP=0x0000007bd25ff0d0, RBP=0x0000007bd25ff180, RSI=0x0000019531df3c30, RDI=0x0000000000000001
R8 =0x000001954dafba10, R9 =0x00000000000000cb, R10=0x000000006a3414d0, R11=0x0000019571fcb360
R12=0x0000000000000000, R13=0x0000007bd25ff218, R14=0x0000007bd25ff170, R15=0x000001950713e000
RIP=0x000000006a34bb04, EFLAGS=0x0000000000010206

Top of Stack: (sp=0x0000007bd25ff0d0)
0x0000007bd25ff0d0:   0000019506972100 00000195000000b6
0x0000007bd25ff0e0:   0000000000000001 00007ffc7256448a
0x0000007bd25ff0f0:   000000000000000a 0000019510fbc038
0x0000007bd25ff100:   0000000000000004 0000000000000001
0x0000007bd25ff110:   0000007bd25ff170 0000019571f17b2d
0x0000007bd25ff120:   000001950713e000 0000000000000004
0x0000007bd25ff130:   0000007bd25ff268 00007ffc72575369
0x0000007bd25ff140:   00000195110cf940 00007ffc725752ff
0x0000007bd25ff150:   0000007bd25ff1a0 00000000000003d8
0x0000007bd25ff160:   000001950713e000 0000019510ed1220
0x0000007bd25ff170:   000000070b627198 00007ffc7256e83f
0x0000007bd25ff180:   0000000713843970 0000019571fcb38c
0x0000007bd25ff190:   0000000000000004 000001956a3b9cd0
0x0000007bd25ff1a0:   0000019506557048 000001950713e000
0x0000007bd25ff1b0:   000000071383ae40 00007ffce270872e
0x0000007bd25ff1c0:   000001950713e000 0000000000000004 

Instructions: (pc=0x000000006a34bb04)
0x000000006a34ba04:   5b 5e 5f 5d 48 ff e0 0f 1f 44 00 00 48 8d 8b a8
0x000000006a34ba14:   00 00 00 48 8d 15 72 df ff ff 49 89 f9 49 89 f0
0x000000006a34ba24:   e8 67 ea ff ff e9 59 ff ff ff 66 90 48 85 c9 74
0x000000006a34ba34:   46 48 8b 81 d0 00 00 00 48 85 d2 c7 40 18 00 00
0x000000006a34ba44:   00 00 74 38 4c 8b 0a 4c 8b 52 08 4c 89 08 4c 89
0x000000006a34ba54:   50 08 8b 4a 08 0b 4a 04 74 40 83 48 18 01 4d 85
0x000000006a34ba64:   c0 74 4a 49 8b 10 48 89 50 10 41 8b 50 04 41 0b
0x000000006a34ba74:   10 74 04 83 48 18 02 f3 c3 0f 1f 00 c7 00 00 00
0x000000006a34ba84:   01 00 c7 40 04 00 00 00 00 48 89 c2 c7 40 08 00
0x000000006a34ba94:   00 00 00 c7 40 0c 00 00 01 00 81 3a 00 00 01 00
0x000000006a34baa4:   75 b8 81 7a 0c 00 00 01 00 75 af eb b1 c7 40 10
0x000000006a34bab4:   00 00 00 00 c7 40 14 00 00 00 00 c3 b8 23 00 00
0x000000006a34bac4:   00 48 85 c9 74 0d 48 8b 81 d0 00 00 00 83 40 60
0x000000006a34bad4:   01 31 c0 f3 c3 0f 1f 80 00 00 00 00 41 56 57 56
0x000000006a34bae4:   53 48 83 ec 28 48 85 c9 48 89 cb 74 2f 48 8b b1
0x000000006a34baf4:   90 00 00 00 48 85 f6 74 23 48 8b 81 d0 00 00 00
0x000000006a34bb04:   8b 78 60 8d 57 ff 89 50 60 31 c0 85 d2 7e 1d 48
0x000000006a34bb14:   83 c4 28 5b 5e 5f 41 5e c3 0f 1f 00 b8 23 00 00
0x000000006a34bb24:   00 48 83 c4 28 5b 5e 5f 41 5e c3 90 4c 8b 76 20
0x000000006a34bb34:   4d 85 f6 75 10 eb e5 0f 1f 44 00 00 4d 8b 76 08
0x000000006a34bb44:   4d 85 f6 74 d7 49 3b 5e 10 75 f1 48 8b 7e 10 48
0x000000006a34bb54:   8d 4e 20 4c 89 f2 e8 01 e9 ff ff 4c 89 f2 48 89
0x000000006a34bb64:   f9 ff 57 10 49 89 f0 48 89 da 48 89 f9 e8 ca fd
0x000000006a34bb74:   ff ff 31 c0 48 83 c4 28 5b 5e 5f 41 5e c3 0f 1f
0x000000006a34bb84:   40 00 66 2e 0f 1f 84 00 00 00 00 00 55 57 56 53
0x000000006a34bb94:   48 83 ec 28 b8 24 00 00 00 48 85 c9 48 89 cb 74
0x000000006a34bba4:   70 48 8b 31 b8 23 00 00 00 48 85 f6 74 63 48 8b
0x000000006a34bbb4:   be 90 00 00 00 b8 22 00 00 00 48 85 ff 74 52 4c
0x000000006a34bbc4:   8b 8e a8 00 00 00 4d 85 c9 75 0b eb 4f 4d 8b 49
0x000000006a34bbd4:   08 4d 85 c9 74 46 49 3b 59 10 75 f1 48 8b 6f 10
0x000000006a34bbe4:   48 8d 8e a8 00 00 00 4c 89 ca e8 6d e8 ff ff 48
0x000000006a34bbf4:   89 e9 4c 89 ca ff 55 10 48 3b 9e 80 00 00 00 74 


Stack slot to memory mapping:
stack at sp + 0 slots: 0x0000019506972100 points into unknown readable memory: 0x0000019506acfe70 | 70 fe ac 06 95 01 00 00
stack at sp + 1 slots: 0x00000195000000b6 points into unknown readable memory: 00 00
stack at sp + 2 slots: 0x0000000000000001 is an unknown value
stack at sp + 3 slots: 0x00007ffc7256448a jvm.dll
stack at sp + 4 slots: 0x000000000000000a is an unknown value
stack at sp + 5 slots: {method} {0x0000019510fbc040} 'dispose' '()V' in 'com/badlogic/gdx/graphics/g2d/freetype/FreeTypeFontGenerator'
stack at sp + 6 slots: 0x0000000000000004 is an unknown value
stack at sp + 7 slots: 0x0000000000000001 is an unknown value


---------------  P R O C E S S  ---------------

Threads class SMR info:
_java_thread_list=0x000001950d1d8030, length=12, elements={
0x0000019506974000, 0x0000019506975000, 0x00000195069d6800, 0x00000195069db000,
0x00000195069dc000, 0x00000195060da000, 0x00000195069e3800, 0x00000195069ed800,
0x0000019506b6b000, 0x000001950713e000, 0x000001956045d800, 0x000001950d263800
}

Java Threads: ( => current thread )
  0x0000019506974000 JavaThread "Reference Handler" daemon [_thread_blocked, id=27568, stack(0x0000007bd1900000,0x0000007bd1a00000)]
  0x0000019506975000 JavaThread "Finalizer" daemon [_thread_blocked, id=27688, stack(0x0000007bd1a00000,0x0000007bd1b00000)]
  0x00000195069d6800 JavaThread "Signal Dispatcher" daemon [_thread_blocked, id=19324, stack(0x0000007bd1b00000,0x0000007bd1c00000)]
  0x00000195069db000 JavaThread "Attach Listener" daemon [_thread_blocked, id=17284, stack(0x0000007bd1c00000,0x0000007bd1d00000)]
  0x00000195069dc000 JavaThread "Service Thread" daemon [_thread_blocked, id=18256, stack(0x0000007bd1d00000,0x0000007bd1e00000)]
  0x00000195060da000 JavaThread "C2 CompilerThread0" daemon [_thread_blocked, id=22140, stack(0x0000007bd1e00000,0x0000007bd1f00000)]
  0x00000195069e3800 JavaThread "C1 CompilerThread0" daemon [_thread_blocked, id=26152, stack(0x0000007bd1f00000,0x0000007bd2000000)]
  0x00000195069ed800 JavaThread "Sweeper thread" daemon [_thread_blocked, id=20464, stack(0x0000007bd2000000,0x0000007bd2100000)]
  0x0000019506b6b000 JavaThread "Common-Cleaner" daemon [_thread_blocked, id=27840, stack(0x0000007bd2200000,0x0000007bd2300000)]
=>0x000001950713e000 JavaThread "LWJGL Application" [_thread_in_native, id=17968, stack(0x0000007bd2500000,0x0000007bd2600000)]
  0x000001956045d800 JavaThread "DestroyJavaVM" [_thread_blocked, id=29608, stack(0x0000007bd1200000,0x0000007bd1300000)]
  0x000001950d263800 JavaThread "LWJGL Timer" daemon [_thread_blocked, id=24556, stack(0x0000007bd2900000,0x0000007bd2a00000)]

Other Threads:
  0x00000195060ae800 VMThread "VM Thread" [stack: 0x0000007bd1800000,0x0000007bd1900000] [id=31616]
  0x0000019506b67000 WatcherThread [stack: 0x0000007bd2100000,0x0000007bd2200000] [id=29284]
  0x0000019560474000 GCTaskThread "GC Thread#0" [stack: 0x0000007bd1300000,0x0000007bd1400000] [id=16828]
  0x000001950d618800 GCTaskThread "GC Thread#1" [stack: 0x0000007bd2a00000,0x0000007bd2b00000] [id=14320]
  0x000001950d47f000 GCTaskThread "GC Thread#2" [stack: 0x0000007bd2b00000,0x0000007bd2c00000] [id=17804]
  0x000001950d480000 GCTaskThread "GC Thread#3" [stack: 0x0000007bd2c00000,0x0000007bd2d00000] [id=26460]
  0x000001950d528000 GCTaskThread "GC Thread#4" [stack: 0x0000007bd2d00000,0x0000007bd2e00000] [id=15308]
  0x000001950d528800 GCTaskThread "GC Thread#5" [stack: 0x0000007bd2e00000,0x0000007bd2f00000] [id=31712]
  0x00000195604cf000 ConcurrentGCThread "G1 Main Marker" [stack: 0x0000007bd1400000,0x0000007bd1500000] [id=30612]
  0x00000195604d2000 ConcurrentGCThread "G1 Conc#0" [stack: 0x0000007bd1500000,0x0000007bd1600000] [id=17444]
  0x0000019505f98000 ConcurrentGCThread "G1 Refine#0" [stack: 0x0000007bd1600000,0x0000007bd1700000] [id=31152]
  0x0000019505f9a000 ConcurrentGCThread "G1 Young RemSet Sampling" [stack: 0x0000007bd1700000,0x0000007bd1800000] [id=24956]

Threads with active compile tasks:

VM state:not at safepoint (normal execution)

VM Mutex/Monitor currently owned by a thread: None

Heap address: 0x0000000704a00000, size: 4022 MB, Compressed Oops mode: Zero based, Oop shift amount: 3
Narrow klass base: 0x0000000800000000, Narrow klass shift: 0
Compressed class space size: 1073741824 Address: 0x0000000800000000

Heap:
 garbage-first heap   total 258048K, used 25253K [0x0000000704a00000, 0x0000000800000000)
  region size 1024K, 26 young (26624K), 12 survivors (12288K)
 Metaspace       used 10893K, capacity 10997K, committed 11136K, reserved 1058816K
  class space    used 816K, capacity 858K, committed 896K, reserved 1048576K
Heap Regions: E=young(eden), S=young(survivor), O=old, HS=humongous(starts), HC=humongous(continues), CS=collection set, F=free, A=archive, TAMS=top-at-mark-start (previous, next)
|   0|0x0000000704a00000, 0x0000000704a00000, 0x0000000704b00000|  0%| F|  |TAMS 0x0000000704a00000, 0x0000000704a00000| Untracked 
|   1|0x0000000704b00000, 0x0000000704b00000, 0x0000000704c00000|  0%| F|  |TAMS 0x0000000704b00000, 0x0000000704b00000| Untracked 
|   2|0x0000000704c00000, 0x0000000704c00000, 0x0000000704d00000|  0%| F|  |TAMS 0x0000000704c00000, 0x0000000704c00000| Untracked 
|   3|0x0000000704d00000, 0x0000000704d00000, 0x0000000704e00000|  0%| F|  |TAMS 0x0000000704d00000, 0x0000000704d00000| Untracked 
|   4|0x0000000704e00000, 0x0000000704e00000, 0x0000000704f00000|  0%| F|  |TAMS 0x0000000704e00000, 0x0000000704e00000| Untracked 
|   5|0x0000000704f00000, 0x0000000704f00000, 0x0000000705000000|  0%| F|  |TAMS 0x0000000704f00000, 0x0000000704f00000| Untracked 
|   6|0x0000000705000000, 0x0000000705000000, 0x0000000705100000|  0%| F|  |TAMS 0x0000000705000000, 0x0000000705000000| Untracked 
|   7|0x0000000705100000, 0x0000000705100000, 0x0000000705200000|  0%| F|  |TAMS 0x0000000705100000, 0x0000000705100000| Untracked 
|   8|0x0000000705200000, 0x0000000705200000, 0x0000000705300000|  0%| F|  |TAMS 0x0000000705200000, 0x0000000705200000| Untracked 
|   9|0x0000000705300000, 0x0000000705300000, 0x0000000705400000|  0%| F|  |TAMS 0x0000000705300000, 0x0000000705300000| Untracked 
|  10|0x0000000705400000, 0x0000000705400000, 0x0000000705500000|  0%| F|  |TAMS 0x0000000705400000, 0x0000000705400000| Untracked 
|  11|0x0000000705500000, 0x0000000705500000, 0x0000000705600000|  0%| F|  |TAMS 0x0000000705500000, 0x0000000705500000| Untracked 
|  12|0x0000000705600000, 0x0000000705600000, 0x0000000705700000|  0%| F|  |TAMS 0x0000000705600000, 0x0000000705600000| Untracked 
|  13|0x0000000705700000, 0x0000000705700000, 0x0000000705800000|  0%| F|  |TAMS 0x0000000705700000, 0x0000000705700000| Untracked 
|  14|0x0000000705800000, 0x0000000705800000, 0x0000000705900000|  0%| F|  |TAMS 0x0000000705800000, 0x0000000705800000| Untracked 
|  15|0x0000000705900000, 0x0000000705900000, 0x0000000705a00000|  0%| F|  |TAMS 0x0000000705900000, 0x0000000705900000| Untracked 
|  16|0x0000000705a00000, 0x0000000705a00000, 0x0000000705b00000|  0%| F|  |TAMS 0x0000000705a00000, 0x0000000705a00000| Untracked 
|  17|0x0000000705b00000, 0x0000000705b00000, 0x0000000705c00000|  0%| F|  |TAMS 0x0000000705b00000, 0x0000000705b00000| Untracked 
|  18|0x0000000705c00000, 0x0000000705c00000, 0x0000000705d00000|  0%| F|  |TAMS 0x0000000705c00000, 0x0000000705c00000| Untracked 
|  19|0x0000000705d00000, 0x0000000705d00000, 0x0000000705e00000|  0%| F|  |TAMS 0x0000000705d00000, 0x0000000705d00000| Untracked 
|  20|0x0000000705e00000, 0x0000000705e00000, 0x0000000705f00000|  0%| F|  |TAMS 0x0000000705e00000, 0x0000000705e00000| Untracked 
|  21|0x0000000705f00000, 0x0000000705f00000, 0x0000000706000000|  0%| F|  |TAMS 0x0000000705f00000, 0x0000000705f00000| Untracked 
|  22|0x0000000706000000, 0x0000000706000000, 0x0000000706100000|  0%| F|  |TAMS 0x0000000706000000, 0x0000000706000000| Untracked 
|  23|0x0000000706100000, 0x0000000706100000, 0x0000000706200000|  0%| F|  |TAMS 0x0000000706100000, 0x0000000706100000| Untracked 
|  24|0x0000000706200000, 0x0000000706200000, 0x0000000706300000|  0%| F|  |TAMS 0x0000000706200000, 0x0000000706200000| Untracked 
|  25|0x0000000706300000, 0x0000000706300000, 0x0000000706400000|  0%| F|  |TAMS 0x0000000706300000, 0x0000000706300000| Untracked 
|  26|0x0000000706400000, 0x0000000706400000, 0x0000000706500000|  0%| F|  |TAMS 0x0000000706400000, 0x0000000706400000| Untracked 
|  27|0x0000000706500000, 0x0000000706500000, 0x0000000706600000|  0%| F|  |TAMS 0x0000000706500000, 0x0000000706500000| Untracked 
|  28|0x0000000706600000, 0x0000000706600000, 0x0000000706700000|  0%| F|  |TAMS 0x0000000706600000, 0x0000000706600000| Untracked 
|  29|0x0000000706700000, 0x0000000706700000, 0x0000000706800000|  0%| F|  |TAMS 0x0000000706700000, 0x0000000706700000| Untracked 
|  30|0x0000000706800000, 0x0000000706800000, 0x0000000706900000|  0%| F|  |TAMS 0x0000000706800000, 0x0000000706800000| Untracked 
|  31|0x0000000706900000, 0x0000000706900000, 0x0000000706a00000|  0%| F|  |TAMS 0x0000000706900000, 0x0000000706900000| Untracked 
|  32|0x0000000706a00000, 0x0000000706a00000, 0x0000000706b00000|  0%| F|  |TAMS 0x0000000706a00000, 0x0000000706a00000| Untracked 
|  33|0x0000000706b00000, 0x0000000706b00000, 0x0000000706c00000|  0%| F|  |TAMS 0x0000000706b00000, 0x0000000706b00000| Untracked 
|  34|0x0000000706c00000, 0x0000000706c00000, 0x0000000706d00000|  0%| F|  |TAMS 0x0000000706c00000, 0x0000000706c00000| Untracked 
|  35|0x0000000706d00000, 0x0000000706d00000, 0x0000000706e00000|  0%| F|  |TAMS 0x0000000706d00000, 0x0000000706d00000| Untracked 
|  36|0x0000000706e00000, 0x0000000706e00000, 0x0000000706f00000|  0%| F|  |TAMS 0x0000000706e00000, 0x0000000706e00000| Untracked 
|  37|0x0000000706f00000, 0x0000000706f00000, 0x0000000707000000|  0%| F|  |TAMS 0x0000000706f00000, 0x0000000706f00000| Untracked 
|  38|0x0000000707000000, 0x0000000707000000, 0x0000000707100000|  0%| F|  |TAMS 0x0000000707000000, 0x0000000707000000| Untracked 
|  39|0x0000000707100000, 0x0000000707100000, 0x0000000707200000|  0%| F|  |TAMS 0x0000000707100000, 0x0000000707100000| Untracked 
|  40|0x0000000707200000, 0x0000000707200000, 0x0000000707300000|  0%| F|  |TAMS 0x0000000707200000, 0x0000000707200000| Untracked 
|  41|0x0000000707300000, 0x0000000707300000, 0x0000000707400000|  0%| F|  |TAMS 0x0000000707300000, 0x0000000707300000| Untracked 
|  42|0x0000000707400000, 0x0000000707400000, 0x0000000707500000|  0%| F|  |TAMS 0x0000000707400000, 0x0000000707400000| Untracked 
|  43|0x0000000707500000, 0x0000000707500000, 0x0000000707600000|  0%| F|  |TAMS 0x0000000707500000, 0x0000000707500000| Untracked 
|  44|0x0000000707600000, 0x0000000707600000, 0x0000000707700000|  0%| F|  |TAMS 0x0000000707600000, 0x0000000707600000| Untracked 
|  45|0x0000000707700000, 0x0000000707700000, 0x0000000707800000|  0%| F|  |TAMS 0x0000000707700000, 0x0000000707700000| Untracked 
|  46|0x0000000707800000, 0x0000000707800000, 0x0000000707900000|  0%| F|  |TAMS 0x0000000707800000, 0x0000000707800000| Untracked 
|  47|0x0000000707900000, 0x0000000707900000, 0x0000000707a00000|  0%| F|  |TAMS 0x0000000707900000, 0x0000000707900000| Untracked 
|  48|0x0000000707a00000, 0x0000000707a00000, 0x0000000707b00000|  0%| F|  |TAMS 0x0000000707a00000, 0x0000000707a00000| Untracked 
|  49|0x0000000707b00000, 0x0000000707b00000, 0x0000000707c00000|  0%| F|  |TAMS 0x0000000707b00000, 0x0000000707b00000| Untracked 
|  50|0x0000000707c00000, 0x0000000707c00000, 0x0000000707d00000|  0%| F|  |TAMS 0x0000000707c00000, 0x0000000707c00000| Untracked 
|  51|0x0000000707d00000, 0x0000000707d00000, 0x0000000707e00000|  0%| F|  |TAMS 0x0000000707d00000, 0x0000000707d00000| Untracked 
|  52|0x0000000707e00000, 0x0000000707e00000, 0x0000000707f00000|  0%| F|  |TAMS 0x0000000707e00000, 0x0000000707e00000| Untracked 
|  53|0x0000000707f00000, 0x0000000707f00000, 0x0000000708000000|  0%| F|  |TAMS 0x0000000707f00000, 0x0000000707f00000| Untracked 
|  54|0x0000000708000000, 0x0000000708000000, 0x0000000708100000|  0%| F|  |TAMS 0x0000000708000000, 0x0000000708000000| Untracked 
|  55|0x0000000708100000, 0x0000000708100000, 0x0000000708200000|  0%| F|  |TAMS 0x0000000708100000, 0x0000000708100000| Untracked 
|  56|0x0000000708200000, 0x0000000708200000, 0x0000000708300000|  0%| F|  |TAMS 0x0000000708200000, 0x0000000708200000| Untracked 
|  57|0x0000000708300000, 0x0000000708300000, 0x0000000708400000|  0%| F|  |TAMS 0x0000000708300000, 0x0000000708300000| Untracked 
|  58|0x0000000708400000, 0x0000000708400000, 0x0000000708500000|  0%| F|  |TAMS 0x0000000708400000, 0x0000000708400000| Untracked 
|  59|0x0000000708500000, 0x0000000708500000, 0x0000000708600000|  0%| F|  |TAMS 0x0000000708500000, 0x0000000708500000| Untracked 
|  60|0x0000000708600000, 0x0000000708600000, 0x0000000708700000|  0%| F|  |TAMS 0x0000000708600000, 0x0000000708600000| Untracked 
|  61|0x0000000708700000, 0x0000000708700000, 0x0000000708800000|  0%| F|  |TAMS 0x0000000708700000, 0x0000000708700000| Untracked 
|  62|0x0000000708800000, 0x0000000708800000, 0x0000000708900000|  0%| F|  |TAMS 0x0000000708800000, 0x0000000708800000| Untracked 
|  63|0x0000000708900000, 0x0000000708900000, 0x0000000708a00000|  0%| F|  |TAMS 0x0000000708900000, 0x0000000708900000| Untracked 
|  64|0x0000000708a00000, 0x0000000708a00000, 0x0000000708b00000|  0%| F|  |TAMS 0x0000000708a00000, 0x0000000708a00000| Untracked 
|  65|0x0000000708b00000, 0x0000000708b00000, 0x0000000708c00000|  0%| F|  |TAMS 0x0000000708b00000, 0x0000000708b00000| Untracked 
|  66|0x0000000708c00000, 0x0000000708c00000, 0x0000000708d00000|  0%| F|  |TAMS 0x0000000708c00000, 0x0000000708c00000| Untracked 
|  67|0x0000000708d00000, 0x0000000708d00000, 0x0000000708e00000|  0%| F|  |TAMS 0x0000000708d00000, 0x0000000708d00000| Untracked 
|  68|0x0000000708e00000, 0x0000000708e00000, 0x0000000708f00000|  0%| F|  |TAMS 0x0000000708e00000, 0x0000000708e00000| Untracked 
|  69|0x0000000708f00000, 0x0000000708f00000, 0x0000000709000000|  0%| F|  |TAMS 0x0000000708f00000, 0x0000000708f00000| Untracked 
|  70|0x0000000709000000, 0x0000000709000000, 0x0000000709100000|  0%| F|  |TAMS 0x0000000709000000, 0x0000000709000000| Untracked 
|  71|0x0000000709100000, 0x0000000709100000, 0x0000000709200000|  0%| F|  |TAMS 0x0000000709100000, 0x0000000709100000| Untracked 
|  72|0x0000000709200000, 0x0000000709200000, 0x0000000709300000|  0%| F|  |TAMS 0x0000000709200000, 0x0000000709200000| Untracked 
|  73|0x0000000709300000, 0x0000000709300000, 0x0000000709400000|  0%| F|  |TAMS 0x0000000709300000, 0x0000000709300000| Untracked 
|  74|0x0000000709400000, 0x0000000709400000, 0x0000000709500000|  0%| F|  |TAMS 0x0000000709400000, 0x0000000709400000| Untracked 
|  75|0x0000000709500000, 0x0000000709500000, 0x0000000709600000|  0%| F|  |TAMS 0x0000000709500000, 0x0000000709500000| Untracked 
|  76|0x0000000709600000, 0x0000000709600000, 0x0000000709700000|  0%| F|  |TAMS 0x0000000709600000, 0x0000000709600000| Untracked 
|  77|0x0000000709700000, 0x0000000709700000, 0x0000000709800000|  0%| F|  |TAMS 0x0000000709700000, 0x0000000709700000| Untracked 
|  78|0x0000000709800000, 0x0000000709800000, 0x0000000709900000|  0%| F|  |TAMS 0x0000000709800000, 0x0000000709800000| Untracked 
|  79|0x0000000709900000, 0x0000000709900000, 0x0000000709a00000|  0%| F|  |TAMS 0x0000000709900000, 0x0000000709900000| Untracked 
|  80|0x0000000709a00000, 0x0000000709a00000, 0x0000000709b00000|  0%| F|  |TAMS 0x0000000709a00000, 0x0000000709a00000| Untracked 
|  81|0x0000000709b00000, 0x0000000709b00000, 0x0000000709c00000|  0%| F|  |TAMS 0x0000000709b00000, 0x0000000709b00000| Untracked 
|  82|0x0000000709c00000, 0x0000000709c00000, 0x0000000709d00000|  0%| F|  |TAMS 0x0000000709c00000, 0x0000000709c00000| Untracked 
|  83|0x0000000709d00000, 0x0000000709d00000, 0x0000000709e00000|  0%| F|  |TAMS 0x0000000709d00000, 0x0000000709d00000| Untracked 
|  84|0x0000000709e00000, 0x0000000709e00000, 0x0000000709f00000|  0%| F|  |TAMS 0x0000000709e00000, 0x0000000709e00000| Untracked 
|  85|0x0000000709f00000, 0x0000000709f00000, 0x000000070a000000|  0%| F|  |TAMS 0x0000000709f00000, 0x0000000709f00000| Untracked 
|  86|0x000000070a000000, 0x000000070a000000, 0x000000070a100000|  0%| F|  |TAMS 0x000000070a000000, 0x000000070a000000| Untracked 
|  87|0x000000070a100000, 0x000000070a100000, 0x000000070a200000|  0%| F|  |TAMS 0x000000070a100000, 0x000000070a100000| Untracked 
|  88|0x000000070a200000, 0x000000070a200000, 0x000000070a300000|  0%| F|  |TAMS 0x000000070a200000, 0x000000070a200000| Untracked 
|  89|0x000000070a300000, 0x000000070a3a9780, 0x000000070a400000| 66%| S|CS|TAMS 0x000000070a300000, 0x000000070a300000| Complete 
|  90|0x000000070a400000, 0x000000070a500000, 0x000000070a500000|100%| S|CS|TAMS 0x000000070a400000, 0x000000070a400000| Complete 
|  91|0x000000070a500000, 0x000000070a600000, 0x000000070a600000|100%| S|CS|TAMS 0x000000070a500000, 0x000000070a500000| Complete 
|  92|0x000000070a600000, 0x000000070a700000, 0x000000070a700000|100%| S|CS|TAMS 0x000000070a600000, 0x000000070a600000| Complete 
|  93|0x000000070a700000, 0x000000070a700000, 0x000000070a800000|  0%| F|  |TAMS 0x000000070a700000, 0x000000070a700000| Untracked 
|  94|0x000000070a800000, 0x000000070a800000, 0x000000070a900000|  0%| F|  |TAMS 0x000000070a800000, 0x000000070a800000| Untracked 
|  95|0x000000070a900000, 0x000000070a900000, 0x000000070aa00000|  0%| F|  |TAMS 0x000000070a900000, 0x000000070a900000| Untracked 
|  96|0x000000070aa00000, 0x000000070aa00000, 0x000000070ab00000|  0%| F|  |TAMS 0x000000070aa00000, 0x000000070aa00000| Untracked 
|  97|0x000000070ab00000, 0x000000070ab00000, 0x000000070ac00000|  0%| F|  |TAMS 0x000000070ab00000, 0x000000070ab00000| Untracked 
|  98|0x000000070ac00000, 0x000000070ac00000, 0x000000070ad00000|  0%| F|  |TAMS 0x000000070ac00000, 0x000000070ac00000| Untracked 
|  99|0x000000070ad00000, 0x000000070ad00000, 0x000000070ae00000|  0%| F|  |TAMS 0x000000070ad00000, 0x000000070ad00000| Untracked 
| 100|0x000000070ae00000, 0x000000070ae00000, 0x000000070af00000|  0%| F|  |TAMS 0x000000070ae00000, 0x000000070ae00000| Untracked 
| 101|0x000000070af00000, 0x000000070b000000, 0x000000070b000000|100%| S|CS|TAMS 0x000000070af00000, 0x000000070af00000| Complete 
| 102|0x000000070b000000, 0x000000070b100000, 0x000000070b100000|100%| S|CS|TAMS 0x000000070b000000, 0x000000070b000000| Complete 
| 103|0x000000070b100000, 0x000000070b200000, 0x000000070b200000|100%| S|CS|TAMS 0x000000070b100000, 0x000000070b100000| Complete 
| 104|0x000000070b200000, 0x000000070b300000, 0x000000070b300000|100%| S|CS|TAMS 0x000000070b200000, 0x000000070b200000| Complete 
| 105|0x000000070b300000, 0x000000070b400000, 0x000000070b400000|100%| S|CS|TAMS 0x000000070b300000, 0x000000070b300000| Complete 
| 106|0x000000070b400000, 0x000000070b500000, 0x000000070b500000|100%| S|CS|TAMS 0x000000070b400000, 0x000000070b400000| Complete 
| 107|0x000000070b500000, 0x000000070b600000, 0x000000070b600000|100%| S|CS|TAMS 0x000000070b500000, 0x000000070b500000| Complete 
| 108|0x000000070b600000, 0x000000070b700000, 0x000000070b700000|100%| S|CS|TAMS 0x000000070b600000, 0x000000070b600000| Complete 
| 109|0x000000070b700000, 0x000000070b700000, 0x000000070b800000|  0%| F|  |TAMS 0x000000070b700000, 0x000000070b700000| Untracked 
| 110|0x000000070b800000, 0x000000070b800000, 0x000000070b900000|  0%| F|  |TAMS 0x000000070b800000, 0x000000070b800000| Untracked 
| 111|0x000000070b900000, 0x000000070b900000, 0x000000070ba00000|  0%| F|  |TAMS 0x000000070b900000, 0x000000070b900000| Untracked 
| 112|0x000000070ba00000, 0x000000070ba00000, 0x000000070bb00000|  0%| F|  |TAMS 0x000000070ba00000, 0x000000070ba00000| Untracked 
| 113|0x000000070bb00000, 0x000000070bb00000, 0x000000070bc00000|  0%| F|  |TAMS 0x000000070bb00000, 0x000000070bb00000| Untracked 
| 114|0x000000070bc00000, 0x000000070bc00000, 0x000000070bd00000|  0%| F|  |TAMS 0x000000070bc00000, 0x000000070bc00000| Untracked 
| 115|0x000000070bd00000, 0x000000070bd00000, 0x000000070be00000|  0%| F|  |TAMS 0x000000070bd00000, 0x000000070bd00000| Untracked 
| 116|0x000000070be00000, 0x000000070be00000, 0x000000070bf00000|  0%| F|  |TAMS 0x000000070be00000, 0x000000070be00000| Untracked 
| 117|0x000000070bf00000, 0x000000070bf00000, 0x000000070c000000|  0%| F|  |TAMS 0x000000070bf00000, 0x000000070bf00000| Untracked 
| 118|0x000000070c000000, 0x000000070c000000, 0x000000070c100000|  0%| F|  |TAMS 0x000000070c000000, 0x000000070c000000| Untracked 
| 119|0x000000070c100000, 0x000000070c100000, 0x000000070c200000|  0%| F|  |TAMS 0x000000070c100000, 0x000000070c100000| Untracked 
| 120|0x000000070c200000, 0x000000070c200000, 0x000000070c300000|  0%| F|  |TAMS 0x000000070c200000, 0x000000070c200000| Untracked 
| 121|0x000000070c300000, 0x000000070c300000, 0x000000070c400000|  0%| F|  |TAMS 0x000000070c300000, 0x000000070c300000| Untracked 
| 122|0x000000070c400000, 0x000000070c400000, 0x000000070c500000|  0%| F|  |TAMS 0x000000070c400000, 0x000000070c400000| Untracked 
| 123|0x000000070c500000, 0x000000070c500000, 0x000000070c600000|  0%| F|  |TAMS 0x000000070c500000, 0x000000070c500000| Untracked 
| 124|0x000000070c600000, 0x000000070c600000, 0x000000070c700000|  0%| F|  |TAMS 0x000000070c600000, 0x000000070c600000| Untracked 
| 125|0x000000070c700000, 0x000000070c700000, 0x000000070c800000|  0%| F|  |TAMS 0x000000070c700000, 0x000000070c700000| Untracked 
| 126|0x000000070c800000, 0x000000070c800000, 0x000000070c900000|  0%| F|  |TAMS 0x000000070c800000, 0x000000070c800000| Untracked 
| 127|0x000000070c900000, 0x000000070c900000, 0x000000070ca00000|  0%| F|  |TAMS 0x000000070c900000, 0x000000070c900000| Untracked 
| 128|0x000000070ca00000, 0x000000070ca00000, 0x000000070cb00000|  0%| F|  |TAMS 0x000000070ca00000, 0x000000070ca00000| Untracked 
| 129|0x000000070cb00000, 0x000000070cb00000, 0x000000070cc00000|  0%| F|  |TAMS 0x000000070cb00000, 0x000000070cb00000| Untracked 
| 130|0x000000070cc00000, 0x000000070cc00000, 0x000000070cd00000|  0%| F|  |TAMS 0x000000070cc00000, 0x000000070cc00000| Untracked 
| 131|0x000000070cd00000, 0x000000070cd00000, 0x000000070ce00000|  0%| F|  |TAMS 0x000000070cd00000, 0x000000070cd00000| Untracked 
| 132|0x000000070ce00000, 0x000000070ce00000, 0x000000070cf00000|  0%| F|  |TAMS 0x000000070ce00000, 0x000000070ce00000| Untracked 
| 133|0x000000070cf00000, 0x000000070cf00000, 0x000000070d000000|  0%| F|  |TAMS 0x000000070cf00000, 0x000000070cf00000| Untracked 
| 134|0x000000070d000000, 0x000000070d000000, 0x000000070d100000|  0%| F|  |TAMS 0x000000070d000000, 0x000000070d000000| Untracked 
| 135|0x000000070d100000, 0x000000070d100000, 0x000000070d200000|  0%| F|  |TAMS 0x000000070d100000, 0x000000070d100000| Untracked 
| 136|0x000000070d200000, 0x000000070d200000, 0x000000070d300000|  0%| F|  |TAMS 0x000000070d200000, 0x000000070d200000| Untracked 
| 137|0x000000070d300000, 0x000000070d300000, 0x000000070d400000|  0%| F|  |TAMS 0x000000070d300000, 0x000000070d300000| Untracked 
| 138|0x000000070d400000, 0x000000070d400000, 0x000000070d500000|  0%| F|  |TAMS 0x000000070d400000, 0x000000070d400000| Untracked 
| 139|0x000000070d500000, 0x000000070d500000, 0x000000070d600000|  0%| F|  |TAMS 0x000000070d500000, 0x000000070d500000| Untracked 
| 140|0x000000070d600000, 0x000000070d600000, 0x000000070d700000|  0%| F|  |TAMS 0x000000070d600000, 0x000000070d600000| Untracked 
| 141|0x000000070d700000, 0x000000070d700000, 0x000000070d800000|  0%| F|  |TAMS 0x000000070d700000, 0x000000070d700000| Untracked 
| 142|0x000000070d800000, 0x000000070d800000, 0x000000070d900000|  0%| F|  |TAMS 0x000000070d800000, 0x000000070d800000| Untracked 
| 143|0x000000070d900000, 0x000000070d900000, 0x000000070da00000|  0%| F|  |TAMS 0x000000070d900000, 0x000000070d900000| Untracked 
| 144|0x000000070da00000, 0x000000070da00000, 0x000000070db00000|  0%| F|  |TAMS 0x000000070da00000, 0x000000070da00000| Untracked 
| 145|0x000000070db00000, 0x000000070db00000, 0x000000070dc00000|  0%| F|  |TAMS 0x000000070db00000, 0x000000070db00000| Untracked 
| 146|0x000000070dc00000, 0x000000070dc00000, 0x000000070dd00000|  0%| F|  |TAMS 0x000000070dc00000, 0x000000070dc00000| Untracked 
| 147|0x000000070dd00000, 0x000000070dd00000, 0x000000070de00000|  0%| F|  |TAMS 0x000000070dd00000, 0x000000070dd00000| Untracked 
| 148|0x000000070de00000, 0x000000070de00000, 0x000000070df00000|  0%| F|  |TAMS 0x000000070de00000, 0x000000070de00000| Untracked 
| 149|0x000000070df00000, 0x000000070df00000, 0x000000070e000000|  0%| F|  |TAMS 0x000000070df00000, 0x000000070df00000| Untracked 
| 150|0x000000070e000000, 0x000000070e000000, 0x000000070e100000|  0%| F|  |TAMS 0x000000070e000000, 0x000000070e000000| Untracked 
| 151|0x000000070e100000, 0x000000070e100000, 0x000000070e200000|  0%| F|  |TAMS 0x000000070e100000, 0x000000070e100000| Untracked 
| 152|0x000000070e200000, 0x000000070e200000, 0x000000070e300000|  0%| F|  |TAMS 0x000000070e200000, 0x000000070e200000| Untracked 
| 153|0x000000070e300000, 0x000000070e300000, 0x000000070e400000|  0%| F|  |TAMS 0x000000070e300000, 0x000000070e300000| Untracked 
| 154|0x000000070e400000, 0x000000070e400000, 0x000000070e500000|  0%| F|  |TAMS 0x000000070e400000, 0x000000070e400000| Untracked 
| 155|0x000000070e500000, 0x000000070e500000, 0x000000070e600000|  0%| F|  |TAMS 0x000000070e500000, 0x000000070e500000| Untracked 
| 156|0x000000070e600000, 0x000000070e600000, 0x000000070e700000|  0%| F|  |TAMS 0x000000070e600000, 0x000000070e600000| Untracked 
| 157|0x000000070e700000, 0x000000070e700000, 0x000000070e800000|  0%| F|  |TAMS 0x000000070e700000, 0x000000070e700000| Untracked 
| 158|0x000000070e800000, 0x000000070e800000, 0x000000070e900000|  0%| F|  |TAMS 0x000000070e800000, 0x000000070e800000| Untracked 
| 159|0x000000070e900000, 0x000000070e900000, 0x000000070ea00000|  0%| F|  |TAMS 0x000000070e900000, 0x000000070e900000| Untracked 
| 160|0x000000070ea00000, 0x000000070ea00000, 0x000000070eb00000|  0%| F|  |TAMS 0x000000070ea00000, 0x000000070ea00000| Untracked 
| 161|0x000000070eb00000, 0x000000070eb00000, 0x000000070ec00000|  0%| F|  |TAMS 0x000000070eb00000, 0x000000070eb00000| Untracked 
| 162|0x000000070ec00000, 0x000000070ec00000, 0x000000070ed00000|  0%| F|  |TAMS 0x000000070ec00000, 0x000000070ec00000| Untracked 
| 163|0x000000070ed00000, 0x000000070ed00000, 0x000000070ee00000|  0%| F|  |TAMS 0x000000070ed00000, 0x000000070ed00000| Untracked 
| 164|0x000000070ee00000, 0x000000070ee00000, 0x000000070ef00000|  0%| F|  |TAMS 0x000000070ee00000, 0x000000070ee00000| Untracked 
| 165|0x000000070ef00000, 0x000000070ef00000, 0x000000070f000000|  0%| F|  |TAMS 0x000000070ef00000, 0x000000070ef00000| Untracked 
| 166|0x000000070f000000, 0x000000070f000000, 0x000000070f100000|  0%| F|  |TAMS 0x000000070f000000, 0x000000070f000000| Untracked 
| 167|0x000000070f100000, 0x000000070f100000, 0x000000070f200000|  0%| F|  |TAMS 0x000000070f100000, 0x000000070f100000| Untracked 
| 168|0x000000070f200000, 0x000000070f200000, 0x000000070f300000|  0%| F|  |TAMS 0x000000070f200000, 0x000000070f200000| Untracked 
| 169|0x000000070f300000, 0x000000070f300000, 0x000000070f400000|  0%| F|  |TAMS 0x000000070f300000, 0x000000070f300000| Untracked 
| 170|0x000000070f400000, 0x000000070f400000, 0x000000070f500000|  0%| F|  |TAMS 0x000000070f400000, 0x000000070f400000| Untracked 
| 171|0x000000070f500000, 0x000000070f500000, 0x000000070f600000|  0%| F|  |TAMS 0x000000070f500000, 0x000000070f500000| Untracked 
| 172|0x000000070f600000, 0x000000070f600000, 0x000000070f700000|  0%| F|  |TAMS 0x000000070f600000, 0x000000070f600000| Untracked 
| 173|0x000000070f700000, 0x000000070f700000, 0x000000070f800000|  0%| F|  |TAMS 0x000000070f700000, 0x000000070f700000| Untracked 
| 174|0x000000070f800000, 0x000000070f800000, 0x000000070f900000|  0%| F|  |TAMS 0x000000070f800000, 0x000000070f800000| Untracked 
| 175|0x000000070f900000, 0x000000070f900000, 0x000000070fa00000|  0%| F|  |TAMS 0x000000070f900000, 0x000000070f900000| Untracked 
| 176|0x000000070fa00000, 0x000000070fa00000, 0x000000070fb00000|  0%| F|  |TAMS 0x000000070fa00000, 0x000000070fa00000| Untracked 
| 177|0x000000070fb00000, 0x000000070fb00000, 0x000000070fc00000|  0%| F|  |TAMS 0x000000070fb00000, 0x000000070fb00000| Untracked 
| 178|0x000000070fc00000, 0x000000070fc00000, 0x000000070fd00000|  0%| F|  |TAMS 0x000000070fc00000, 0x000000070fc00000| Untracked 
| 179|0x000000070fd00000, 0x000000070fd00000, 0x000000070fe00000|  0%| F|  |TAMS 0x000000070fd00000, 0x000000070fd00000| Untracked 
| 180|0x000000070fe00000, 0x000000070fe00000, 0x000000070ff00000|  0%| F|  |TAMS 0x000000070fe00000, 0x000000070fe00000| Untracked 
| 181|0x000000070ff00000, 0x000000070ff00000, 0x0000000710000000|  0%| F|  |TAMS 0x000000070ff00000, 0x000000070ff00000| Untracked 
| 182|0x0000000710000000, 0x0000000710000000, 0x0000000710100000|  0%| F|  |TAMS 0x0000000710000000, 0x0000000710000000| Untracked 
| 183|0x0000000710100000, 0x0000000710100000, 0x0000000710200000|  0%| F|  |TAMS 0x0000000710100000, 0x0000000710100000| Untracked 
| 184|0x0000000710200000, 0x0000000710200000, 0x0000000710300000|  0%| F|  |TAMS 0x0000000710200000, 0x0000000710200000| Untracked 
| 185|0x0000000710300000, 0x0000000710300000, 0x0000000710400000|  0%| F|  |TAMS 0x0000000710300000, 0x0000000710300000| Untracked 
| 186|0x0000000710400000, 0x0000000710400000, 0x0000000710500000|  0%| F|  |TAMS 0x0000000710400000, 0x0000000710400000| Untracked 
| 187|0x0000000710500000, 0x0000000710500000, 0x0000000710600000|  0%| F|  |TAMS 0x0000000710500000, 0x0000000710500000| Untracked 
| 188|0x0000000710600000, 0x0000000710600000, 0x0000000710700000|  0%| F|  |TAMS 0x0000000710600000, 0x0000000710600000| Untracked 
| 189|0x0000000710700000, 0x0000000710700000, 0x0000000710800000|  0%| F|  |TAMS 0x0000000710700000, 0x0000000710700000| Untracked 
| 190|0x0000000710800000, 0x0000000710800000, 0x0000000710900000|  0%| F|  |TAMS 0x0000000710800000, 0x0000000710800000| Untracked 
| 191|0x0000000710900000, 0x0000000710900000, 0x0000000710a00000|  0%| F|  |TAMS 0x0000000710900000, 0x0000000710900000| Untracked 
| 192|0x0000000710a00000, 0x0000000710a00000, 0x0000000710b00000|  0%| F|  |TAMS 0x0000000710a00000, 0x0000000710a00000| Untracked 
| 193|0x0000000710b00000, 0x0000000710b00000, 0x0000000710c00000|  0%| F|  |TAMS 0x0000000710b00000, 0x0000000710b00000| Untracked 
| 194|0x0000000710c00000, 0x0000000710c00000, 0x0000000710d00000|  0%| F|  |TAMS 0x0000000710c00000, 0x0000000710c00000| Untracked 
| 195|0x0000000710d00000, 0x0000000710d00000, 0x0000000710e00000|  0%| F|  |TAMS 0x0000000710d00000, 0x0000000710d00000| Untracked 
| 196|0x0000000710e00000, 0x0000000710e00000, 0x0000000710f00000|  0%| F|  |TAMS 0x0000000710e00000, 0x0000000710e00000| Untracked 
| 197|0x0000000710f00000, 0x0000000710f00000, 0x0000000711000000|  0%| F|  |TAMS 0x0000000710f00000, 0x0000000710f00000| Untracked 
| 198|0x0000000711000000, 0x0000000711000000, 0x0000000711100000|  0%| F|  |TAMS 0x0000000711000000, 0x0000000711000000| Untracked 
| 199|0x0000000711100000, 0x0000000711100000, 0x0000000711200000|  0%| F|  |TAMS 0x0000000711100000, 0x0000000711100000| Untracked 
| 200|0x0000000711200000, 0x0000000711200000, 0x0000000711300000|  0%| F|  |TAMS 0x0000000711200000, 0x0000000711200000| Untracked 
| 201|0x0000000711300000, 0x0000000711300000, 0x0000000711400000|  0%| F|  |TAMS 0x0000000711300000, 0x0000000711300000| Untracked 
| 202|0x0000000711400000, 0x0000000711400000, 0x0000000711500000|  0%| F|  |TAMS 0x0000000711400000, 0x0000000711400000| Untracked 
| 203|0x0000000711500000, 0x0000000711500000, 0x0000000711600000|  0%| F|  |TAMS 0x0000000711500000, 0x0000000711500000| Untracked 
| 204|0x0000000711600000, 0x0000000711600000, 0x0000000711700000|  0%| F|  |TAMS 0x0000000711600000, 0x0000000711600000| Untracked 
| 205|0x0000000711700000, 0x0000000711700000, 0x0000000711800000|  0%| F|  |TAMS 0x0000000711700000, 0x0000000711700000| Untracked 
| 206|0x0000000711800000, 0x0000000711800000, 0x0000000711900000|  0%| F|  |TAMS 0x0000000711800000, 0x0000000711800000| Untracked 
| 207|0x0000000711900000, 0x0000000711900000, 0x0000000711a00000|  0%| F|  |TAMS 0x0000000711900000, 0x0000000711900000| Untracked 
| 208|0x0000000711a00000, 0x0000000711a00000, 0x0000000711b00000|  0%| F|  |TAMS 0x0000000711a00000, 0x0000000711a00000| Untracked 
| 209|0x0000000711b00000, 0x0000000711b00000, 0x0000000711c00000|  0%| F|  |TAMS 0x0000000711b00000, 0x0000000711b00000| Untracked 
| 210|0x0000000711c00000, 0x0000000711c00000, 0x0000000711d00000|  0%| F|  |TAMS 0x0000000711c00000, 0x0000000711c00000| Untracked 
| 211|0x0000000711d00000, 0x0000000711d00000, 0x0000000711e00000|  0%| F|  |TAMS 0x0000000711d00000, 0x0000000711d00000| Untracked 
| 212|0x0000000711e00000, 0x0000000711e00000, 0x0000000711f00000|  0%| F|  |TAMS 0x0000000711e00000, 0x0000000711e00000| Untracked 
| 213|0x0000000711f00000, 0x0000000711f00000, 0x0000000712000000|  0%| F|  |TAMS 0x0000000711f00000, 0x0000000711f00000| Untracked 
| 214|0x0000000712000000, 0x0000000712000000, 0x0000000712100000|  0%| F|  |TAMS 0x0000000712000000, 0x0000000712000000| Untracked 
| 215|0x0000000712100000, 0x0000000712100000, 0x0000000712200000|  0%| F|  |TAMS 0x0000000712100000, 0x0000000712100000| Untracked 
| 216|0x0000000712200000, 0x0000000712200000, 0x0000000712300000|  0%| F|  |TAMS 0x0000000712200000, 0x0000000712200000| Untracked 
| 217|0x0000000712300000, 0x0000000712300000, 0x0000000712400000|  0%| F|  |TAMS 0x0000000712300000, 0x0000000712300000| Untracked 
| 218|0x0000000712400000, 0x0000000712400000, 0x0000000712500000|  0%| F|  |TAMS 0x0000000712400000, 0x0000000712400000| Untracked 
| 219|0x0000000712500000, 0x0000000712500000, 0x0000000712600000|  0%| F|  |TAMS 0x0000000712500000, 0x0000000712500000| Untracked 
| 220|0x0000000712600000, 0x0000000712600000, 0x0000000712700000|  0%| F|  |TAMS 0x0000000712600000, 0x0000000712600000| Untracked 
| 221|0x0000000712700000, 0x0000000712700000, 0x0000000712800000|  0%| F|  |TAMS 0x0000000712700000, 0x0000000712700000| Untracked 
| 222|0x0000000712800000, 0x0000000712800000, 0x0000000712900000|  0%| F|  |TAMS 0x0000000712800000, 0x0000000712800000| Untracked 
| 223|0x0000000712900000, 0x0000000712900000, 0x0000000712a00000|  0%| F|  |TAMS 0x0000000712900000, 0x0000000712900000| Untracked 
| 224|0x0000000712a00000, 0x0000000712a00000, 0x0000000712b00000|  0%| F|  |TAMS 0x0000000712a00000, 0x0000000712a00000| Untracked 
| 225|0x0000000712b00000, 0x0000000712b00000, 0x0000000712c00000|  0%| F|  |TAMS 0x0000000712b00000, 0x0000000712b00000| Untracked 
| 226|0x0000000712c00000, 0x0000000712c00000, 0x0000000712d00000|  0%| F|  |TAMS 0x0000000712c00000, 0x0000000712c00000| Untracked 
| 227|0x0000000712d00000, 0x0000000712d00000, 0x0000000712e00000|  0%| F|  |TAMS 0x0000000712d00000, 0x0000000712d00000| Untracked 
| 228|0x0000000712e00000, 0x0000000712e00000, 0x0000000712f00000|  0%| F|  |TAMS 0x0000000712e00000, 0x0000000712e00000| Untracked 
| 229|0x0000000712f00000, 0x0000000712f00000, 0x0000000713000000|  0%| F|  |TAMS 0x0000000712f00000, 0x0000000712f00000| Untracked 
| 230|0x0000000713000000, 0x0000000713000000, 0x0000000713100000|  0%| F|  |TAMS 0x0000000713000000, 0x0000000713000000| Untracked 
| 231|0x0000000713100000, 0x0000000713100000, 0x0000000713200000|  0%| F|  |TAMS 0x0000000713100000, 0x0000000713100000| Untracked 
| 232|0x0000000713200000, 0x0000000713200000, 0x0000000713300000|  0%| F|  |TAMS 0x0000000713200000, 0x0000000713200000| Untracked 
| 233|0x0000000713300000, 0x0000000713300000, 0x0000000713400000|  0%| F|  |TAMS 0x0000000713300000, 0x0000000713300000| Untracked 
| 234|0x0000000713400000, 0x0000000713400000, 0x0000000713500000|  0%| F|  |TAMS 0x0000000713400000, 0x0000000713400000| Untracked 
| 235|0x0000000713500000, 0x0000000713500000, 0x0000000713600000|  0%| F|  |TAMS 0x0000000713500000, 0x0000000713500000| Untracked 
| 236|0x0000000713600000, 0x0000000713600000, 0x0000000713700000|  0%| F|  |TAMS 0x0000000713600000, 0x0000000713600000| Untracked 
| 237|0x0000000713700000, 0x0000000713700000, 0x0000000713800000|  0%| F|  |TAMS 0x0000000713700000, 0x0000000713700000| Untracked 
| 238|0x0000000713800000, 0x0000000713880800, 0x0000000713900000| 50%| E|  |TAMS 0x0000000713800000, 0x0000000713800000| Complete 
| 239|0x0000000713900000, 0x0000000713a00000, 0x0000000713a00000|100%| E|CS|TAMS 0x0000000713900000, 0x0000000713900000| Complete 
| 240|0x0000000713a00000, 0x0000000713b00000, 0x0000000713b00000|100%| E|CS|TAMS 0x0000000713a00000, 0x0000000713a00000| Complete 
| 241|0x0000000713b00000, 0x0000000713c00000, 0x0000000713c00000|100%| E|CS|TAMS 0x0000000713b00000, 0x0000000713b00000| Complete 
| 242|0x0000000713c00000, 0x0000000713d00000, 0x0000000713d00000|100%| E|CS|TAMS 0x0000000713c00000, 0x0000000713c00000| Complete 
| 243|0x0000000713d00000, 0x0000000713e00000, 0x0000000713e00000|100%| E|CS|TAMS 0x0000000713d00000, 0x0000000713d00000| Complete 
| 244|0x0000000713e00000, 0x0000000713f00000, 0x0000000713f00000|100%| E|CS|TAMS 0x0000000713e00000, 0x0000000713e00000| Complete 
| 245|0x0000000713f00000, 0x0000000714000000, 0x0000000714000000|100%| E|CS|TAMS 0x0000000713f00000, 0x0000000713f00000| Complete 
| 246|0x0000000714000000, 0x0000000714100000, 0x0000000714100000|100%| E|CS|TAMS 0x0000000714000000, 0x0000000714000000| Complete 
| 247|0x0000000714100000, 0x0000000714200000, 0x0000000714200000|100%| E|CS|TAMS 0x0000000714100000, 0x0000000714100000| Complete 
| 248|0x0000000714200000, 0x0000000714300000, 0x0000000714300000|100%| E|CS|TAMS 0x0000000714200000, 0x0000000714200000| Complete 
| 249|0x0000000714300000, 0x0000000714400000, 0x0000000714400000|100%| E|CS|TAMS 0x0000000714300000, 0x0000000714300000| Complete 
| 250|0x0000000714400000, 0x0000000714500000, 0x0000000714500000|100%| E|CS|TAMS 0x0000000714400000, 0x0000000714400000| Complete 
| 251|0x0000000714500000, 0x0000000714600000, 0x0000000714600000|100%| E|CS|TAMS 0x0000000714500000, 0x0000000714500000| Complete 

Card table byte_map: [0x000001957a5f0000,0x000001957add0000] _byte_map_base: 0x0000019576dcb000

Marking Bits (Prev, Next): (CMBitMap*) 0x00000195604bd338, (CMBitMap*) 0x00000195604bd370
 Prev Bits: [0x000001957b5b0000, 0x000001957f488000)
 Next Bits: [0x0000019500000000, 0x0000019503ed8000)

Polling page: 0x0000019560540000

Metaspace:

Usage:
  Non-class:      9.90 MB capacity,     9.84 MB (>99%) used,    54.73 KB ( <1%) free+waste,     7.50 KB ( <1%) overhead. 
      Class:    858.00 KB capacity,   816.62 KB ( 95%) used,    39.32 KB (  5%) free+waste,     2.06 KB ( <1%) overhead. 
       Both:     10.74 MB capacity,    10.64 MB (>99%) used,    94.05 KB ( <1%) free+waste,     9.56 KB ( <1%) overhead. 

Virtual space:
  Non-class space:       10.00 MB reserved,      10.00 MB (100%) committed 
      Class space:        1.00 GB reserved,     896.00 KB ( <1%) committed 
             Both:        1.01 GB reserved,      10.88 MB (  1%) committed 

Chunk freelists:
   Non-Class:  101.00 KB
       Class:  6.00 KB
        Both:  107.00 KB

MaxMetaspaceSize: 17179869184.00 GB
CompressedClassSpaceSize: 1.00 GB
Initial GC threshold: 20.80 MB
Current GC threshold: 20.80 MB
CDS: off

CodeHeap 'non-profiled nmethods': size=120000Kb used=1372Kb max_used=1372Kb free=118627Kb
 bounds [0x0000019571e80000, 0x00000195720f0000, 0x00000195793b0000]
CodeHeap 'profiled nmethods': size=120000Kb used=3260Kb max_used=3260Kb free=116740Kb
 bounds [0x000001956a950000, 0x000001956ac80000, 0x0000019571e80000]
CodeHeap 'non-nmethods': size=5760Kb used=1245Kb max_used=1287Kb free=4514Kb
 bounds [0x000001956a3b0000, 0x000001956a620000, 0x000001956a950000]
 total_blobs=2194 nmethods=1676 adapters=431
 compilation: enabled
              stopped_count=0, restarted_count=0
 full_count=0

Compilation events (20 events):
Event: 111.642 Thread 0x00000195060da000 1669       4       com.badlogic.gdx.graphics.OrthographicCamera::update (164 bytes)
Event: 111.653 Thread 0x00000195060da000 nmethod 1669 0x0000019571fce190 code [0x0000019571fce4e0, 0x0000019571fcf110]
Event: 111.653 Thread 0x00000195060da000 1667       4       com.ideograph.game.Movement::doMovement (517 bytes)
Event: 111.660 Thread 0x00000195060da000 nmethod 1667 0x0000019571fcf990 code [0x0000019571fcfbc0, 0x0000019571fd00c8]
Event: 111.660 Thread 0x00000195060da000 1670       4       com.badlogic.gdx.backends.lwjgl.DefaultLwjglInput::processEvents (12 bytes)
Event: 111.660 Thread 0x00000195060da000 nmethod 1670 0x0000019571fd0310 code [0x0000019571fd04c0, 0x0000019571fd0568]
Event: 111.660 Thread 0x00000195060da000 1671   !   4       com.badlogic.gdx.InputEventQueue::drain (379 bytes)
Event: 111.661 Thread 0x00000195060da000 nmethod 1671 0x0000019571fd0610 code [0x0000019571fd07a0, 0x0000019571fd09d8]
Event: 111.661 Thread 0x00000195060da000 1668       4       com.ideograph.game.Game::renderBackground (123 bytes)
Event: 111.684 Thread 0x00000195060da000 nmethod 1668 0x0000019571fd0b10 code [0x0000019571fd0e60, 0x0000019571fd2160]
Event: 116.767 Thread 0x00000195060da000 1672       4       java.lang.StringLatin1::newString (17 bytes)
Event: 116.771 Thread 0x00000195060da000 nmethod 1672 0x0000019571fd3290 code [0x0000019571fd3440, 0x0000019571fd3818]
Event: 118.233 Thread 0x00000195060da000 1673       4       java.lang.AbstractStringBuilder::isLatin1 (19 bytes)
Event: 118.234 Thread 0x00000195060da000 nmethod 1673 0x0000019571fd3a10 code [0x0000019571fd3ba0, 0x0000019571fd3c18]
Event: 121.133 Thread 0x00000195060da000 1674       4       java.util.ArrayList$Itr::next (66 bytes)
Event: 121.134 Thread 0x00000195060da000 nmethod 1674 0x0000019571fd3d10 code [0x0000019571fd3ea0, 0x0000019571fd3fb8]
Event: 124.431 Thread 0x00000195060da000 1675   !   4       org.lwjgl.opengl.Display::update (154 bytes)
Event: 124.440 Thread 0x00000195060da000 nmethod 1675 0x0000019571fd4110 code [0x0000019571fd4360, 0x0000019571fd5360]
Event: 124.440 Thread 0x00000195060da000 1676   !   4       org.lwjgl.opengl.Display::swapBuffers (55 bytes)
Event: 124.449 Thread 0x00000195060da000 nmethod 1676 0x0000019571fd5a90 code [0x0000019571fd5cc0, 0x0000019571fd6ba0]

GC Heap History (6 events):
Event: 3.909 GC heap before
{Heap before GC invocations=0 (full 0):
 garbage-first heap   total 258048K, used 23552K [0x0000000704a00000, 0x0000000800000000)
  region size 1024K, 24 young (24576K), 0 survivors (0K)
 Metaspace       used 10619K, capacity 10741K, committed 10880K, reserved 1058816K
  class space    used 813K, capacity 858K, committed 896K, reserved 1048576K
}
Event: 3.912 GC heap after
{Heap after GC invocations=1 (full 0):
 garbage-first heap   total 258048K, used 2906K [0x0000000704a00000, 0x0000000800000000)
  region size 1024K, 3 young (3072K), 3 survivors (3072K)
 Metaspace       used 10619K, capacity 10741K, committed 10880K, reserved 1058816K
  class space    used 813K, capacity 858K, committed 896K, reserved 1048576K
}
Event: 62.371 GC heap before
{Heap before GC invocations=1 (full 0):
 garbage-first heap   total 258048K, used 154458K [0x0000000704a00000, 0x0000000800000000)
  region size 1024K, 151 young (154624K), 3 survivors (3072K)
 Metaspace       used 10887K, capacity 10997K, committed 11136K, reserved 1058816K
  class space    used 815K, capacity 858K, committed 896K, reserved 1048576K
}
Event: 62.375 GC heap after
{Heap after GC invocations=2 (full 0):
 garbage-first heap   total 258048K, used 7283K [0x0000000704a00000, 0x0000000800000000)
  region size 1024K, 8 young (8192K), 8 survivors (8192K)
 Metaspace       used 10887K, capacity 10997K, committed 11136K, reserved 1058816K
  class space    used 815K, capacity 858K, committed 896K, reserved 1048576K
}
Event: 119.934 GC heap before
{Heap before GC invocations=2 (full 0):
 garbage-first heap   total 258048K, used 153715K [0x0000000704a00000, 0x0000000800000000)
  region size 1024K, 151 young (154624K), 8 survivors (8192K)
 Metaspace       used 10890K, capacity 10997K, committed 11136K, reserved 1058816K
  class space    used 816K, capacity 858K, committed 896K, reserved 1048576K
}
Event: 119.938 GC heap after
{Heap after GC invocations=3 (full 0):
 garbage-first heap   total 258048K, used 11941K [0x0000000704a00000, 0x0000000800000000)
  region size 1024K, 12 young (12288K), 12 survivors (12288K)
 Metaspace       used 10890K, capacity 10997K, committed 11136K, reserved 1058816K
  class space    used 816K, capacity 858K, committed 896K, reserved 1048576K
}

Deoptimization events (20 events):
Event: 30.200 Thread 0x000001950713e000 DEOPT PACKING pc=0x000001956ac7abb9 sp=0x0000007bd25fec50
Event: 30.200 Thread 0x000001950713e000 DEOPT UNPACKING pc=0x000001956a3f9d0e sp=0x0000007bd25fe068 mode 0
Event: 30.517 Thread 0x000001950713e000 DEOPT PACKING pc=0x000001956ac7abb9 sp=0x0000007bd25fec50
Event: 30.517 Thread 0x000001950713e000 DEOPT UNPACKING pc=0x000001956a3f9d0e sp=0x0000007bd25fe068 mode 0
Event: 30.867 Thread 0x000001950713e000 DEOPT PACKING pc=0x000001956ac7abb9 sp=0x0000007bd25fec50
Event: 30.867 Thread 0x000001950713e000 DEOPT UNPACKING pc=0x000001956a3f9d0e sp=0x0000007bd25fe068 mode 0
Event: 67.840 Thread 0x000001950713e000 Uncommon trap: trap_request=0xffffff4d fr.pc=0x0000019571f89bb8 relative=0x0000000000000098
Event: 67.840 Thread 0x000001950713e000 Uncommon trap: reason=unstable_if action=reinterpret pc=0x0000019571f89bb8 method=com.badlogic.gdx.utils.IntArray.add(I)V @ 11 c2
Event: 67.840 Thread 0x000001950713e000 DEOPT PACKING pc=0x0000019571f89bb8 sp=0x0000007bd25ff120
Event: 67.840 Thread 0x000001950713e000 DEOPT UNPACKING pc=0x000001956a3b85af sp=0x0000007bd25ff0c0 mode 2
Event: 75.224 Thread 0x000001950713e000 DEOPT PACKING pc=0x000001956ac029f7 sp=0x0000007bd25fdc10
Event: 75.224 Thread 0x000001950713e000 DEOPT UNPACKING pc=0x000001956a3f9d0e sp=0x0000007bd25fd058 mode 0
Event: 121.198 Thread 0x000001950713e000 Uncommon trap: trap_request=0xffffff4d fr.pc=0x0000019571f93ea4 relative=0x00000000000011a4
Event: 121.198 Thread 0x000001950713e000 Uncommon trap: reason=unstable_if action=reinterpret pc=0x0000019571f93ea4 method=org.lwjgl.opengl.WindowsDisplay.doHandleMessage(JIJJJ)J @ 405 c2
Event: 121.198 Thread 0x000001950713e000 DEOPT PACKING pc=0x0000019571f93ea4 sp=0x0000007bd25fe3d0
Event: 121.198 Thread 0x000001950713e000 DEOPT UNPACKING pc=0x000001956a3b85af sp=0x0000007bd25fe378 mode 2
Event: 125.363 Thread 0x000001950713e000 Uncommon trap: trap_request=0xffffff4d fr.pc=0x0000019571f49dac relative=0x000000000000008c
Event: 125.363 Thread 0x000001950713e000 Uncommon trap: reason=unstable_if action=reinterpret pc=0x0000019571f49dac method=java.util.Arrays.fill([Ljava/lang/Object;IILjava/lang/Object;)V @ 13 c2
Event: 125.363 Thread 0x000001950713e000 DEOPT PACKING pc=0x0000019571f49dac sp=0x0000007bd25ff240
Event: 125.363 Thread 0x000001950713e000 DEOPT UNPACKING pc=0x000001956a3b85af sp=0x0000007bd25ff150 mode 2

Classes redefined (0 events):
No events

Internal exceptions (20 events):
Event: 124.925 Thread 0x000001950713e000 Exception <a 'java/io/FileNotFoundException'{0x0000000713972300}> (0x0000000713972300) thrown at [./src/hotspot/share/prims/jni.cpp, line 616]
Event: 124.942 Thread 0x000001950713e000 Exception <a 'java/io/FileNotFoundException'{0x000000071397cbf0}> (0x000000071397cbf0) thrown at [./src/hotspot/share/prims/jni.cpp, line 616]
Event: 124.958 Thread 0x000001950713e000 Exception <a 'java/io/FileNotFoundException'{0x0000000713987738}> (0x0000000713987738) thrown at [./src/hotspot/share/prims/jni.cpp, line 616]
Event: 124.974 Thread 0x000001950713e000 Exception <a 'java/io/FileNotFoundException'{0x0000000713992028}> (0x0000000713992028) thrown at [./src/hotspot/share/prims/jni.cpp, line 616]
Event: 124.991 Thread 0x000001950713e000 Exception <a 'java/io/FileNotFoundException'{0x000000071399c918}> (0x000000071399c918) thrown at [./src/hotspot/share/prims/jni.cpp, line 616]
Event: 125.007 Thread 0x000001950713e000 Exception <a 'java/io/FileNotFoundException'{0x00000007139a7208}> (0x00000007139a7208) thrown at [./src/hotspot/share/prims/jni.cpp, line 616]
Event: 125.024 Thread 0x000001950713e000 Exception <a 'java/io/FileNotFoundException'{0x00000007139b1af8}> (0x00000007139b1af8) thrown at [./src/hotspot/share/prims/jni.cpp, line 616]
Event: 125.040 Thread 0x000001950713e000 Exception <a 'java/io/FileNotFoundException'{0x00000007139bc3e8}> (0x00000007139bc3e8) thrown at [./src/hotspot/share/prims/jni.cpp, line 616]
Event: 125.058 Thread 0x000001950713e000 Exception <a 'java/io/FileNotFoundException'{0x00000007139c6cd8}> (0x00000007139c6cd8) thrown at [./src/hotspot/share/prims/jni.cpp, line 616]
Event: 125.074 Thread 0x000001950713e000 Exception <a 'java/io/FileNotFoundException'{0x00000007139d15c8}> (0x00000007139d15c8) thrown at [./src/hotspot/share/prims/jni.cpp, line 616]
Event: 125.091 Thread 0x000001950713e000 Exception <a 'java/io/FileNotFoundException'{0x00000007139dbeb8}> (0x00000007139dbeb8) thrown at [./src/hotspot/share/prims/jni.cpp, line 616]
Event: 125.108 Thread 0x000001950713e000 Exception <a 'java/io/FileNotFoundException'{0x00000007139e67a8}> (0x00000007139e67a8) thrown at [./src/hotspot/share/prims/jni.cpp, line 616]
Event: 125.125 Thread 0x000001950713e000 Exception <a 'java/io/FileNotFoundException'{0x00000007139f1098}> (0x00000007139f1098) thrown at [./src/hotspot/share/prims/jni.cpp, line 616]
Event: 125.140 Thread 0x000001950713e000 Exception <a 'java/io/FileNotFoundException'{0x00000007139fb988}> (0x00000007139fb988) thrown at [./src/hotspot/share/prims/jni.cpp, line 616]
Event: 125.158 Thread 0x000001950713e000 Exception <a 'java/io/FileNotFoundException'{0x00000007138067b0}> (0x00000007138067b0) thrown at [./src/hotspot/share/prims/jni.cpp, line 616]
Event: 125.176 Thread 0x000001950713e000 Exception <a 'java/io/FileNotFoundException'{0x00000007138110a0}> (0x00000007138110a0) thrown at [./src/hotspot/share/prims/jni.cpp, line 616]
Event: 125.193 Thread 0x000001950713e000 Exception <a 'java/io/FileNotFoundException'{0x000000071381b990}> (0x000000071381b990) thrown at [./src/hotspot/share/prims/jni.cpp, line 616]
Event: 125.212 Thread 0x000001950713e000 Exception <a 'java/io/FileNotFoundException'{0x0000000713826280}> (0x0000000713826280) thrown at [./src/hotspot/share/prims/jni.cpp, line 616]
Event: 125.227 Thread 0x000001950713e000 Exception <a 'java/io/FileNotFoundException'{0x0000000713830b70}> (0x0000000713830b70) thrown at [./src/hotspot/share/prims/jni.cpp, line 616]
Event: 125.244 Thread 0x000001950713e000 Exception <a 'java/io/FileNotFoundException'{0x000000071383b460}> (0x000000071383b460) thrown at [./src/hotspot/share/prims/jni.cpp, line 616]

Events (20 events):
Event: 11.387 Loaded shared library C:\Users\ryanlin2005\AppData\Local\Temp\libgdxryanlin2005\e1cd32f8\gdx64.dll
Event: 11.403 Loaded shared library C:\Users\ryanlin2005\AppData\Local\Temp\libgdxryanlin2005\ad089354\gdx-freetype64.dll
Event: 11.406 Loaded shared library C:\Users\ryanlin2005\AppData\Local\Temp\libgdxryanlin2005\ad089354\gdx-freetype64.dll
Event: 11.407 Loaded shared library C:\Users\ryanlin2005\AppData\Local\Temp\libgdxryanlin2005\ad089354\gdx-freetype64.dll
Event: 11.408 Loaded shared library C:\Users\ryanlin2005\AppData\Local\Temp\libgdxryanlin2005\1cecf4f6\lwjgl64.dll
Event: 26.384 Loaded shared library C:\Users\ryanlin2005\AppData\Local\Temp\libgdxryanlin2005\1cecf4f6\lwjgl64.dll
Event: 29.019 loading class com/ideograph/game/InteractiveBlock
Event: 29.019 loading class com/ideograph/game/InteractiveBlock done
Event: 43.721 loading class com/badlogic/gdx/graphics/g2d/freetype/FreeType$Stroker
Event: 43.721 loading class com/badlogic/gdx/graphics/g2d/freetype/FreeType$Stroker done
Event: 53.344 loading class java/net/Proxy
Event: 53.344 loading class java/net/Proxy done
Event: 62.370 Executing VM operation: G1CollectForAllocation
Event: 62.375 Executing VM operation: G1CollectForAllocation done
Event: 111.653 loading class com/badlogic/gdx/InputProcessor
Event: 111.653 loading class com/badlogic/gdx/InputProcessor done
Event: 119.934 Executing VM operation: G1CollectForAllocation
Event: 119.938 Executing VM operation: G1CollectForAllocation done
Event: 125.362 loading class com/badlogic/gdx/backends/lwjgl/LwjglApplication$2
Event: 125.362 loading class com/badlogic/gdx/backends/lwjgl/LwjglApplication$2 done


Dynamic libraries:
0x00007ff7282b0000 - 0x00007ff7282bd000 	C:\Program Files\Eclipse Adoptium\jdk-11.0.14.9-hotspot\bin\java.exe
0x00007ffce4870000 - 0x00007ffce4a67000 	C:\Windows\SYSTEM32\ntdll.dll
0x00007ffce41f0000 - 0x00007ffce42ad000 	C:\Windows\System32\KERNEL32.DLL
0x00007ffce2000000 - 0x00007ffce22cd000 	C:\Windows\System32\KERNELBASE.dll
0x00007ffce2670000 - 0x00007ffce2770000 	C:\Windows\System32\ucrtbase.dll
0x00007ffcc4220000 - 0x00007ffcc4237000 	C:\Program Files\Eclipse Adoptium\jdk-11.0.14.9-hotspot\bin\jli.dll
0x00007ffcc4580000 - 0x00007ffcc4595000 	C:\Program Files\Eclipse Adoptium\jdk-11.0.14.9-hotspot\bin\VCRUNTIME140.dll
0x00007ffce2d30000 - 0x00007ffce2ed0000 	C:\Windows\System32\USER32.dll
0x00007ffce2490000 - 0x00007ffce24b2000 	C:\Windows\System32\win32u.dll
0x00007ffce42b0000 - 0x00007ffce42da000 	C:\Windows\System32\GDI32.dll
0x00007ffccc960000 - 0x00007ffcccbfa000 	C:\Windows\WinSxS\amd64_microsoft.windows.common-controls_6595b64144ccf1df_6.0.19041.1110_none_60b5254171f9507e\COMCTL32.dll
0x00007ffce22d0000 - 0x00007ffce23db000 	C:\Windows\System32\gdi32full.dll
0x00007ffce3a30000 - 0x00007ffce3ace000 	C:\Windows\System32\msvcrt.dll
0x00007ffce24c0000 - 0x00007ffce255d000 	C:\Windows\System32\msvcp_win.dll
0x00007ffce3ba0000 - 0x00007ffce3bd0000 	C:\Windows\System32\IMM32.DLL
0x00007ffc8bc10000 - 0x00007ffc8bcab000 	C:\Program Files\Eclipse Adoptium\jdk-11.0.14.9-hotspot\bin\msvcp140.dll
0x00007ffc71fa0000 - 0x00007ffc72b21000 	C:\Program Files\Eclipse Adoptium\jdk-11.0.14.9-hotspot\bin\server\jvm.dll
0x00007ffce2ed0000 - 0x00007ffce2f7e000 	C:\Windows\System32\ADVAPI32.dll
0x00007ffce2ff0000 - 0x00007ffce308c000 	C:\Windows\System32\sechost.dll
0x00007ffce2c00000 - 0x00007ffce2d25000 	C:\Windows\System32\RPCRT4.dll
0x00007ffce2b30000 - 0x00007ffce2b38000 	C:\Windows\System32\PSAPI.DLL
0x00007ffccff20000 - 0x00007ffccff29000 	C:\Windows\SYSTEM32\WSOCK32.dll
0x00007ffcd7430000 - 0x00007ffcd743a000 	C:\Windows\SYSTEM32\VERSION.dll
0x00007ffcc6140000 - 0x00007ffcc6167000 	C:\Windows\SYSTEM32\WINMM.dll
0x00007ffce3870000 - 0x00007ffce38db000 	C:\Windows\System32\WS2_32.dll
0x00007ffce0870000 - 0x00007ffce0882000 	C:\Windows\SYSTEM32\kernel.appcore.dll
0x00007ffcd5240000 - 0x00007ffcd5250000 	C:\Program Files\Eclipse Adoptium\jdk-11.0.14.9-hotspot\bin\verify.dll
0x00007ffce0600000 - 0x00007ffce07e4000 	C:\Windows\SYSTEM32\DBGHELP.DLL
0x00007ffcd6bf0000 - 0x00007ffcd6c1c000 	C:\Windows\SYSTEM32\dbgcore.DLL
0x00007ffce2590000 - 0x00007ffce2612000 	C:\Windows\System32\bcryptPrimitives.dll
0x00007ffcb1460000 - 0x00007ffcb1488000 	C:\Program Files\Eclipse Adoptium\jdk-11.0.14.9-hotspot\bin\java.dll
0x00007ffccbed0000 - 0x00007ffccbeda000 	C:\Program Files\Eclipse Adoptium\jdk-11.0.14.9-hotspot\bin\jimage.dll
0x00007ffcbb450000 - 0x00007ffcbb468000 	C:\Program Files\Eclipse Adoptium\jdk-11.0.14.9-hotspot\bin\zip.dll
0x00007ffce3090000 - 0x00007ffce37d4000 	C:\Windows\System32\SHELL32.dll
0x00007ffcdfd60000 - 0x00007ffce04f4000 	C:\Windows\SYSTEM32\windows.storage.dll
0x00007ffce3e90000 - 0x00007ffce41e4000 	C:\Windows\System32\combase.dll
0x00007ffce19f0000 - 0x00007ffce1a1c000 	C:\Windows\SYSTEM32\Wldp.dll
0x00007ffce3980000 - 0x00007ffce3a2d000 	C:\Windows\System32\SHCORE.dll
0x00007ffce2f90000 - 0x00007ffce2fe5000 	C:\Windows\System32\shlwapi.dll
0x00007ffce1ed0000 - 0x00007ffce1eef000 	C:\Windows\SYSTEM32\profapi.dll
0x00007ffcb9ff0000 - 0x00007ffcba009000 	C:\Program Files\Eclipse Adoptium\jdk-11.0.14.9-hotspot\bin\net.dll
0x00007ffcdc7d0000 - 0x00007ffcdc8da000 	C:\Windows\SYSTEM32\WINHTTP.dll
0x00007ffce1750000 - 0x00007ffce17ba000 	C:\Windows\system32\mswsock.dll
0x00007ffcb74e0000 - 0x00007ffcb74f3000 	C:\Program Files\Eclipse Adoptium\jdk-11.0.14.9-hotspot\bin\nio.dll
0x000000006e700000 - 0x000000006e72a000 	C:\Users\ryanlin2005\AppData\Local\Temp\libgdxryanlin2005\e1cd32f8\gdx64.dll
0x0000000180000000 - 0x0000000180053000 	C:\Users\ryanlin2005\AppData\Local\Temp\libgdxryanlin2005\1cecf4f6\lwjgl64.dll
0x00007ffcb3f60000 - 0x00007ffcb4086000 	C:\Windows\SYSTEM32\OPENGL32.dll
0x00007ffcc73f0000 - 0x00007ffcc741c000 	C:\Windows\SYSTEM32\GLU32.dll
0x000001957fee0000 - 0x000001957ff44000 	C:\Users\RYANLI~1\AppData\Local\Temp\libgdxryanlin2005\1cecf4f6\OpenAL64.dll
0x00007ffce29f0000 - 0x00007ffce2b1a000 	C:\Windows\System32\ole32.dll
0x00007ffcdf4a0000 - 0x00007ffcdf53e000 	C:\Windows\system32\uxtheme.dll
0x00007ffce3c30000 - 0x00007ffce3cd9000 	C:\Windows\System32\clbcatq.dll
0x00007ffc8bb70000 - 0x00007ffc8bc0c000 	C:\Windows\SYSTEM32\dsound.dll
0x00007ffce1570000 - 0x00007ffce15bb000 	C:\Windows\SYSTEM32\powrprof.dll
0x00007ffccee30000 - 0x00007ffccee56000 	C:\Windows\SYSTEM32\winmmbase.dll
0x00007ffce13d0000 - 0x00007ffce13e2000 	C:\Windows\SYSTEM32\UMPDC.dll
0x00007ffcd8680000 - 0x00007ffcd8705000 	C:\Windows\System32\MMDevApi.dll
0x00007ffce1d40000 - 0x00007ffce1d6c000 	C:\Windows\System32\DEVOBJ.dll
0x00007ffce2620000 - 0x00007ffce266e000 	C:\Windows\System32\cfgmgr32.dll
0x00007ffcd8ed0000 - 0x00007ffcd9052000 	C:\Windows\SYSTEM32\AUDIOSES.DLL
0x00007ffce3ad0000 - 0x00007ffce3b9d000 	C:\Windows\System32\OLEAUT32.dll
0x00007ffcdf580000 - 0x00007ffcdf594000 	C:\Windows\SYSTEM32\resourcepolicyclient.dll
0x00007ffcc3730000 - 0x00007ffcc37de000 	C:\Windows\SYSTEM32\mscms.dll
0x00007ffcc3710000 - 0x00007ffcc3721000 	C:\Windows\SYSTEM32\ColorAdapterClient.dll
0x00007ffce1e50000 - 0x00007ffce1e7e000 	C:\Windows\SYSTEM32\USERENV.dll
0x00007ffcbb8b0000 - 0x00007ffcbb8f3000 	C:\Windows\System32\Windows.Internal.Graphics.Display.DisplayColorManagement.dll
0x00007ffce28d0000 - 0x00007ffce29e5000 	C:\Windows\System32\MSCTF.dll
0x00007ffcd8170000 - 0x00007ffcd8267000 	C:\Windows\System32\AppXDeploymentClient.dll
0x00007ffc5ae00000 - 0x00007ffc5be0b000 	C:\Windows\System32\DriverStore\FileRepository\iigd_dch.inf_amd64_876e787d5e7fdd3d\igxelpicd64.dll
0x00007ffcdf680000 - 0x00007ffcdf6af000 	C:\Windows\system32\dwmapi.dll
0x00007ffce0890000 - 0x00007ffce0983000 	C:\Windows\system32\dxgi.dll
0x00007ffc63dc0000 - 0x00007ffc640ae000 	C:\Windows\System32\DriverStore\FileRepository\iigd_dch.inf_amd64_876e787d5e7fdd3d\igdml64.dll
0x00007ffcc0e70000 - 0x00007ffcc1238000 	C:\Windows\System32\DriverStore\FileRepository\iigd_dch.inf_amd64_876e787d5e7fdd3d\igdgmm64.dll
0x00007ffcc4da0000 - 0x00007ffcc4e99000 	C:\Windows\SYSTEM32\textinputframework.dll
0x00007ffcdec50000 - 0x00007ffcdefae000 	C:\Windows\System32\CoreUIComponents.dll
0x00007ffcdf0b0000 - 0x00007ffcdf1a2000 	C:\Windows\System32\CoreMessaging.dll
0x00007ffce0c90000 - 0x00007ffce0cc3000 	C:\Windows\SYSTEM32\ntmarta.dll
0x00007ffcde770000 - 0x00007ffcde8c4000 	C:\Windows\SYSTEM32\wintypes.dll
0x00007ffca7130000 - 0x00007ffca7173000 	C:\Windows\SYSTEM32\icm32.dll
0x00007ffcbd880000 - 0x00007ffcc0e66000 	C:\Windows\System32\DriverStore\FileRepository\iigd_dch.inf_amd64_876e787d5e7fdd3d\igc64.dll
0x000000006a340000 - 0x000000006a3eb000 	C:\Users\ryanlin2005\AppData\Local\Temp\libgdxryanlin2005\ad089354\gdx-freetype64.dll
0x00007ffcbce50000 - 0x00007ffcbcefc000 	C:\Windows\SYSTEM32\TextShaping.dll

dbghelp: loaded successfully - version: 4.0.5 - missing functions: none
symbol engine: initialized successfully - sym options: 0x614 - pdb path: .;C:\Program Files\Eclipse Adoptium\jdk-11.0.14.9-hotspot\bin;C:\Windows\SYSTEM32;C:\Windows\WinSxS\amd64_microsoft.windows.common-controls_6595b64144ccf1df_6.0.19041.1110_none_60b5254171f9507e;C:\Program Files\Eclipse Adoptium\jdk-11.0.14.9-hotspot\bin\server;C:\Users\ryanlin2005\AppData\Local\Temp\libgdxryanlin2005\e1cd32f8;C:\Users\ryanlin2005\AppData\Local\Temp\libgdxryanlin2005\1cecf4f6;C:\Users\RYANLI~1\AppData\Local\Temp\libgdxryanlin2005\1cecf4f6;C:\Windows\System32\DriverStore\FileRepository\iigd_dch.inf_amd64_876e787d5e7fdd3d;C:\Users\ryanlin2005\AppData\Local\Temp\libgdxryanlin2005\ad089354

VM Arguments:
jvm_args: -Dfile.encoding=x-windows-950 -Duser.country=TW -Duser.language=zh -Duser.variant 
java_command: com.ideograph.game.desktop.DesktopLauncher
java_class_path (initial): C:\Users\ryanlin2005\Documents\GitHub\Ideograph_Adventure\desktop\build\classes\java\main;C:\Users\ryanlin2005\Documents\GitHub\Ideograph_Adventure\desktop\build\resources\main;C:\Users\ryanlin2005\.gradle\caches\modules-2\files-2.1\com.badlogicgames.gdx\gdx-backend-lwjgl\1.10.0\58ff89d9e4fd8a82591367f187d606e781cacc05\gdx-backend-lwjgl-1.10.0.jar;C:\Users\ryanlin2005\.gradle\caches\modules-2\files-2.1\com.badlogicgames.gdx\gdx-platform\1.10.0\9a8fa793d2fd6d360afc6c9e4c1f5583da263b88\gdx-platform-1.10.0-natives-desktop.jar;C:\Users\ryanlin2005\Documents\GitHub\Ideograph_Adventure\core\build\libs\core-1.0.jar;C:\Users\ryanlin2005\.gradle\caches\modules-2\files-2.1\com.badlogicgames.gdx\gdx-freetype-platform\1.10.0\6e5d28752759e69384f12e4569d2c884ff71352f\gdx-freetype-platform-1.10.0-natives-desktop.jar;C:\Users\ryanlin2005\.gradle\caches\modules-2\files-2.1\com.badlogicgames.gdx\gdx-freetype\1.10.0\de1d0d5c1e92e8d91364256fd6b7bb279d3e9859\gdx-freetype-1.10.0.jar;C:\Users\ryanlin2005\.gradle\caches\modules-2\files-2.1\com.badlogicgames.gdx\gdx\1.10.0\74c240f79dc4fb6b766a834249600d0a019d0489\gdx-1.10.0.jar;C:\Users\ryanlin2005\.gradle\caches\modules-2\files-2.1\org.lwjgl.lwjgl\lwjgl_util\2.9.3\751f06b62424da056954c67288fd5c494431e350\lwjgl_util-2.9.3.jar;C:\Users\ryanlin2005\.gradle\caches\modules-2\files-2.1\org.lwjgl.lwjgl\lwjgl\2.9.3\3df168ac74e4a8c96562cdff24ad352e255bf89c\lwjgl-2.9.3.jar;C:\Users\ryanlin2005\.gradle\caches\modules-2\files-2.1\com.badlogicgames.jlayer\jlayer\1.0.1-gdx\7cca83cec5c1b2f011362f4d85aabd71a73b049d\jlayer-1.0.1-gdx.jar;C:\Users\ryanlin2005\.gradle\caches\modules-2\files-2.1\org.jcraft\jorbis\0.0.17\8872d22b293e8f5d7d56ff92be966e6dc28ebdc6\jorbis-0.0.17.jar;C:\Users\ryanlin2005\.gradle\caches\modules-2\files-2.1\org.lwjgl.lwjgl\lwjgl-platform\2.9.3\fbc2afb3e288578e9942578decb6291a490549a0\lwjgl-platform-2.9.3-natives-windows.jar;C:\Users\ryanlin2005\.gradle\caches\modules-2\files-2.1\org.lwjgl.lwjgl\lwjgl-platf
Launcher Type: SUN_STANDARD

[Global flags]
     intx CICompilerCount                          = 4                                         {product} {ergonomic}
     uint ConcGCThreads                            = 2                                         {product} {ergonomic}
     uint G1ConcRefinementThreads                  = 8                                         {product} {ergonomic}
   size_t G1HeapRegionSize                         = 1048576                                   {product} {ergonomic}
    uintx GCDrainStackTargetSize                   = 64                                        {product} {ergonomic}
   size_t InitialHeapSize                          = 264241152                                 {product} {ergonomic}
   size_t MarkStackSize                            = 4194304                                   {product} {ergonomic}
   size_t MaxHeapSize                              = 4217372672                                {product} {ergonomic}
   size_t MaxNewSize                               = 2530213888                                {product} {ergonomic}
   size_t MinHeapDeltaBytes                        = 1048576                                   {product} {ergonomic}
    uintx NonNMethodCodeHeapSize                   = 5836300                                {pd product} {ergonomic}
    uintx NonProfiledCodeHeapSize                  = 122910970                              {pd product} {ergonomic}
    uintx ProfiledCodeHeapSize                     = 122910970                              {pd product} {ergonomic}
    uintx ReservedCodeCacheSize                    = 251658240                              {pd product} {ergonomic}
     bool SegmentedCodeCache                       = true                                      {product} {ergonomic}
     bool UseCompressedClassPointers               = true                                 {lp64_product} {ergonomic}
     bool UseCompressedOops                        = true                                 {lp64_product} {ergonomic}
     bool UseG1GC                                  = true                                      {product} {ergonomic}
     bool UseLargePagesIndividualAllocation        = false                                  {pd product} {ergonomic}

Logging:
Log output configuration:
 #0: stdout all=warning uptime,level,tags
 #1: stderr all=off uptime,level,tags

Environment Variables:
JAVA_HOME=C:\Program Files\Eclipse Adoptium\jdk-11.0.14.9-hotspot\
PATH=C:\Program Files\Eclipse Adoptium\jdk-11.0.14.9-hotspot\bin;C:\Program Files (x86)\Common Files\Oracle\Java\javapath;C:\Windows\system32;C:\Windows;C:\Windows\System32\Wbem;C:\Windows\System32\WindowsPowerShell\v1.0\;C:\Windows\System32\OpenSSH\;C:\Program Files (x86)\NVIDIA Corporation\PhysX\Common;C:\Program Files\nodejs\;C:\Program Files\IDM Computer Solutions\UltraEdit;C:\MinGW\bin;C:\Program Files\Git\cmd;C:\Program Files\NVIDIA Corporation\NVIDIA NvDLISR;C:\Users\ryanlin2005\AppData\Local\Programs\Python\Python310\Scripts\;C:\Users\ryanlin2005\AppData\Local\Programs\Python\Python310\;C:\Users\ryanlin2005\AppData\Local\Microsoft\WindowsApps;C:\Users\ryanlin2005\AppData\Roaming\npm;C:\Users\ryanlin2005\AppData\Local\Programs\Microsoft VS Code\bin;C:\Program Files\JetBrains\IntelliJ IDEA Community Edition 2021.3.1\bin;C:\Users\ryanlin2005\AppData\Local\GitHubDesktop\bin;C:\Users\ryanlin2005\AppData\Local\gitkraken\bin
USERNAME=ryanlin2005
OS=Windows_NT
PROCESSOR_IDENTIFIER=Intel64 Family 6 Model 140 Stepping 1, GenuineIntel



---------------  S Y S T E M  ---------------

OS: Windows 10 , 64 bit Build 19041 (10.0.19041.1741)
OS uptime: 5 days 23:57 hours

CPU:total 8 (initial active 8) (4 cores per cpu, 2 threads per core) family 6 model 140 stepping 1 microcode 0x86, cmov, cx8, fxsr, mmx, sse, sse2, sse3, ssse3, sse4.1, sse4.2, popcnt, avx, avx2, aes, clmul, erms, 3dnowpref, lzcnt, ht, tsc, tscinvbit, bmi1, bmi2, adx, evex, sha, fma

Memory: 4k page, system-wide physical 16082M (4322M free)
TotalPageFile size 19538M (AvailPageFile size 3654M)
current process WorkingSet (physical memory assigned to process): 1131M, peak: 1131M
current process commit charge ("private bytes"): 1600M, peak: 1600M

vm_info: OpenJDK 64-Bit Server VM (11.0.14+9) for windows-amd64 JRE (11.0.14+9), built on Jan 19 2022 06:39:50 by "" with unknown MS VC++:1916

END.
